<?xml version="1.0" encoding="UTF-8"?>
<testng-results ignored="0" total="1" passed="1" failed="0" skipped="0">
  <reporter-output>
  </reporter-output>
  <suite started-at="2023-05-16T00:15:56 IST" name="Default suite" finished-at="2023-05-16T00:16:48 IST" duration-ms="51996">
    <groups>
    </groups>
    <test started-at="2023-05-16T00:15:56 IST" name="Default test" finished-at="2023-05-16T00:16:48 IST" duration-ms="51996">
      <class name="project.Outstationcab">
        <test-method is-config="true" signature="openBrowser()[pri:0, instance:project.Outstationcab@5a56cdac]" started-at="2023-05-16T00:15:56 IST" name="openBrowser" finished-at="2023-05-16T00:16:15 IST" duration-ms="18440" status="PASS">
          <reporter-output>
          </reporter-output>
        </test-method> <!-- openBrowser -->
        <test-method signature="lowCabFare()[pri:0, instance:project.Outstationcab@5a56cdac]" started-at="2023-05-16T00:16:15 IST" name="lowCabFare" finished-at="2023-05-16T00:16:48 IST" duration-ms="33175" status="PASS">
          <reporter-output>
          </reporter-output>
        </test-method> <!-- lowCabFare -->
        <test-method is-config="true" signature="closeBrowser()[pri:0, instance:project.Outstationcab@5a56cdac]" started-at="2023-05-16T00:16:48 IST" name="closeBrowser" finished-at="2023-05-16T00:16:48 IST" duration-ms="178" status="PASS">
          <reporter-output>
          </reporter-output>
        </test-method> <!-- closeBrowser -->
      </class> <!-- project.Outstationcab -->
    </test> <!-- Default test -->
  </suite> <!-- Default suite -->
</testng-results>
