<?xml version="1.0" encoding="UTF-8"?>
<!-- Generated by org.testng.reporters.JUnitXMLReporter -->
<testsuite ignored="0" hostname="DESKTOP-H8ME9J4" failures="0" tests="30" name="Test:Chrome" time="92.577" errors="0" timestamp="2023-06-10T11:27:47 IST">
  <testcase classname="tests.LowCabFareTests" name="testVisitMakeMyTrip" time="12.257"/>
  <testcase classname="tests.LowCabFareTests" name="testHandleModal" time="1.336"/>
  <testcase classname="tests.LowCabFareTests" name="testClickCabsLink" time="1.264"/>
  <testcase classname="tests.LowCabFareTests" name="testClickOneWayOutstationLink" time="0.486"/>
  <testcase classname="tests.LowCabFareTests" name="testClickSourceLink" time="0.947"/>
  <testcase classname="tests.LowCabFareTests" name="testEnterDestination" time="5.729"/>
  <testcase classname="tests.LowCabFareTests" name="testClickDestinationLink" time="0.173"/>
  <testcase classname="tests.LowCabFareTests" name="testClickNextMonthLink" time="0.276"/>
  <testcase classname="tests.LowCabFareTests" name="testClickDateSelectorLink" time="0.289"/>
  <testcase classname="tests.LowCabFareTests" name="testClickTimePickerLink" time="0.305"/>
  <testcase classname="tests.LowCabFareTests" name="testClickHourPickerLink" time="0.137"/>
  <testcase classname="tests.LowCabFareTests" name="testClickMinPickerLink" time="0.325"/>
  <testcase classname="tests.LowCabFareTests" name="testClickApplyLink" time="0.598"/>
  <testcase classname="tests.LowCabFareTests" name="testClickSearchLink" time="4.871"/>
  <testcase classname="tests.LowCabFareTests" name="testClickSortLink" time="2.344"/>
  <testcase classname="tests.LowCabFareTests" name="testSelectSuv" time="0.331"/>
  <testcase classname="tests.LowCabFareTests" name="testClickLowestFare" time="0.233"/>
  <testcase classname="tests.LowCabFareTests" name="testGetPrice" time="0.303"/>
  <testcase classname="tests.GiftCardTests" name="testVisitMakeMyTrip" time="11.18"/>
  <testcase classname="tests.GiftCardTests" name="testSelectingCard" time="2.156"/>
  <testcase classname="tests.GiftCardTests" name="testSendingKeys" time="2.551"/>
  <testcase classname="tests.GiftCardTests" name="testSubmitting" time="0.348"/>
  <testcase classname="tests.GiftCardTests" name="testShowError" time="0.361"/>
  <testcase classname="tests.BookHotelTests" name="testVisitMakeMyTrip" time="11.016"/>
  <testcase classname="tests.BookHotelTests" name="testHandleModal" time="1.321"/>
  <testcase classname="tests.BookHotelTests" name="testClickHotelBtn" time="1.336"/>
  <testcase classname="tests.BookHotelTests" name="testRoomsNGuest" time="0.46"/>
  <testcase classname="tests.BookHotelTests" name="testAdultsNo" time="0.098"/>
  <testcase classname="tests.BookHotelTests" name="testListAdult" time="1.7"/>
  <testcase classname="tests.BookHotelTests" name="testNavigateBack" time="19.483"/>
</testsuite> <!-- Test:Chrome -->
