<?xml version="1.0" encoding="UTF-8"?>
<!-- Generated by org.testng.reporters.JUnitXMLReporter -->
<testsuite ignored="0" hostname="DESKTOP-H8ME9J4" failures="0" tests="30" name="Test" time="101.98" errors="0" timestamp="2023-06-10T11:26:14 IST">
  <testcase classname="tests.LowCabFareTests" name="testVisitMakeMyTrip" time="12.156"/>
  <testcase classname="tests.LowCabFareTests" name="testHandleModal" time="1.335"/>
  <testcase classname="tests.LowCabFareTests" name="testClickCabsLink" time="1.251"/>
  <testcase classname="tests.LowCabFareTests" name="testClickOneWayOutstationLink" time="0.825"/>
  <testcase classname="tests.LowCabFareTests" name="testClickSourceLink" time="0.89"/>
  <testcase classname="tests.LowCabFareTests" name="testEnterDestination" time="5.618"/>
  <testcase classname="tests.LowCabFareTests" name="testClickDestinationLink" time="0.174"/>
  <testcase classname="tests.LowCabFareTests" name="testClickNextMonthLink" time="0.123"/>
  <testcase classname="tests.LowCabFareTests" name="testClickDateSelectorLink" time="0.119"/>
  <testcase classname="tests.LowCabFareTests" name="testClickTimePickerLink" time="0.209"/>
  <testcase classname="tests.LowCabFareTests" name="testClickHourPickerLink" time="0.075"/>
  <testcase classname="tests.LowCabFareTests" name="testClickMinPickerLink" time="0.155"/>
  <testcase classname="tests.LowCabFareTests" name="testClickApplyLink" time="0.31"/>
  <testcase classname="tests.LowCabFareTests" name="testClickSearchLink" time="4.236"/>
  <testcase classname="tests.LowCabFareTests" name="testClickSortLink" time="6.411"/>
  <testcase classname="tests.LowCabFareTests" name="testSelectSuv" time="0.387"/>
  <testcase classname="tests.LowCabFareTests" name="testClickLowestFare" time="0.24"/>
  <testcase classname="tests.LowCabFareTests" name="testGetPrice" time="1.932"/>
  <testcase classname="tests.GiftCardTests" name="testVisitMakeMyTrip" time="11.372"/>
  <testcase classname="tests.GiftCardTests" name="testSelectingCard" time="2.178"/>
  <testcase classname="tests.GiftCardTests" name="testSendingKeys" time="1.953"/>
  <testcase classname="tests.GiftCardTests" name="testSubmitting" time="0.391"/>
  <testcase classname="tests.GiftCardTests" name="testShowError" time="0.518"/>
  <testcase classname="tests.BookHotelTests" name="testVisitMakeMyTrip" time="11.814"/>
  <testcase classname="tests.BookHotelTests" name="testHandleModal" time="1.294"/>
  <testcase classname="tests.BookHotelTests" name="testClickHotelBtn" time="1.281"/>
  <testcase classname="tests.BookHotelTests" name="testRoomsNGuest" time="0.763"/>
  <testcase classname="tests.BookHotelTests" name="testAdultsNo" time="0.914"/>
  <testcase classname="tests.BookHotelTests" name="testListAdult" time="1.883"/>
  <testcase classname="tests.BookHotelTests" name="testNavigateBack" time="19.287"/>
</testsuite> <!-- Test -->
