<?xml version="1.0" encoding="UTF-8"?>
<!-- Generated by org.testng.reporters.JUnitXMLReporter -->
<testsuite ignored="2" hostname="AritraLappyXD" failures="0" tests="26" name="Test: Chrome" time="87.741" errors="0" timestamp="2023-07-10T11:55:27 IST">
  <testcase classname="tests.LowCabFareTests" name="testVisitMakeMyTrip" time="11.352"/>
  <testcase classname="tests.LowCabFareTests" name="testHandleModal" time="1.443"/>
  <testcase classname="tests.LowCabFareTests" name="testClickCabsLink" time="0.418"/>
  <testcase classname="tests.LowCabFareTests" name="testClickOneWayOutstationLink" time="0.466"/>
  <testcase classname="tests.LowCabFareTests" name="testClickSourceLink" time="0.282"/>
  <testcase classname="tests.LowCabFareTests" name="testEnterDestination" time="5.617"/>
  <testcase classname="tests.LowCabFareTests" name="testClickDateSelectorLink" time="0.379"/>
  <testcase classname="tests.LowCabFareTests" name="testClickTimePickerLink" time="0.764"/>
  <testcase classname="tests.LowCabFareTests" name="testClickApplyLink" time="0.345"/>
  <testcase classname="tests.LowCabFareTests" name="testClickSearchLink" time="3.639"/>
  <testcase classname="tests.LowCabFareTests" name="testClickSortLink" time="1.698"/>
  <testcase classname="tests.LowCabFareTests" name="testSelectSuv" time="0.267"/>
  <testcase classname="tests.LowCabFareTests" name="testClickLowestFare" time="0.193"/>
  <testcase classname="tests.LowCabFareTests" name="testGetPrice" time="1.959"/>
  <testcase classname="tests.GiftCardTests" name="testVisitMakeMyTrip" time="11.14"/>
  <testcase classname="tests.GiftCardTests" name="testSelectingCard" time="2.168"/>
  <testcase classname="tests.GiftCardTests" name="testSendingKeys" time="1.341"/>
  <testcase classname="tests.GiftCardTests" name="testSubmitting" time="0.224"/>
  <testcase classname="tests.GiftCardTests" name="testShowError" time="0.253"/>
  <testcase classname="tests.BookHotelTests" name="testVisitMakeMyTrip" time="12.286"/>
  <testcase classname="tests.BookHotelTests" name="testHandleModal" time="1.281"/>
  <testcase classname="tests.BookHotelTests" name="testClickHotelBtn" time="0.716"/>
  <testcase classname="tests.BookHotelTests" name="testRoomsNGuest" time="0.392"/>
  <testcase classname="tests.BookHotelTests" name="testAdultsNo" time="0.178"/>
  <testcase classname="tests.BookHotelTests" name="testListAdult" time="1.041"/>
  <testcase classname="tests.BookHotelTests" name="testNavigateBack" time="2.456"/>
  <testcase classname="base.BaseClass" name="@AfterSuite closeExtentReport" time="0.0">
    <ignored/>
  </testcase> <!-- @AfterSuite closeExtentReport -->
  <testcase classname="base.BaseClass" name="@AfterSuite closeExtentReport" time="0.0">
    <ignored/>
  </testcase> <!-- @AfterSuite closeExtentReport -->
</testsuite> <!-- Test: Chrome -->
