<?xml version="1.0" encoding="UTF-8"?>
<!-- Generated by org.testng.reporters.JUnitXMLReporter -->
<testsuite ignored="24" hostname="DESKTOP-H8ME9J4" failures="0" tests="6" name="Regression Test: Chrome" time="46.778" errors="0" timestamp="2023-06-10T11:02:13 IST">
  <testcase classname="tests.LowCabFareTests" name="testVisitMakeMyTrip" time="10.306"/>
  <testcase classname="tests.LowCabFareTests" name="testHandleModal" time="1.371"/>
  <testcase classname="tests.GiftCardTests" name="testVisitMakeMyTrip" time="12.43"/>
  <testcase classname="tests.BookHotelTests" name="testVisitMakeMyTrip" time="12.298"/>
  <testcase classname="tests.BookHotelTests" name="testHandleModal" time="1.344"/>
  <testcase classname="tests.BookHotelTests" name="testClickHotelBtn" time="1.212"/>
  <testcase classname="tests.LowCabFareTests" name="testClickNextMonthLink" time="0.0">
    <ignored/>
  </testcase> <!-- testClickNextMonthLink -->
  <testcase classname="tests.BookHotelTests" name="testAdultsNo" time="0.0">
    <ignored/>
  </testcase> <!-- testAdultsNo -->
  <testcase classname="tests.LowCabFareTests" name="testGetPrice" time="0.0">
    <ignored/>
  </testcase> <!-- testGetPrice -->
  <testcase classname="tests.GiftCardTests" name="testShowError" time="0.0">
    <ignored/>
  </testcase> <!-- testShowError -->
  <testcase classname="tests.LowCabFareTests" name="testClickDestinationLink" time="0.0">
    <ignored/>
  </testcase> <!-- testClickDestinationLink -->
  <testcase classname="tests.GiftCardTests" name="testSelectingCard" time="0.0">
    <ignored/>
  </testcase> <!-- testSelectingCard -->
  <testcase classname="tests.LowCabFareTests" name="testClickSourceLink" time="0.0">
    <ignored/>
  </testcase> <!-- testClickSourceLink -->
  <testcase classname="tests.BookHotelTests" name="testListAdult" time="0.0">
    <ignored/>
  </testcase> <!-- testListAdult -->
  <testcase classname="tests.LowCabFareTests" name="testClickMinPickerLink" time="0.0">
    <ignored/>
  </testcase> <!-- testClickMinPickerLink -->
  <testcase classname="tests.BookHotelTests" name="testRoomsNGuest" time="0.0">
    <ignored/>
  </testcase> <!-- testRoomsNGuest -->
  <testcase classname="tests.LowCabFareTests" name="testClickSearchLink" time="0.0">
    <ignored/>
  </testcase> <!-- testClickSearchLink -->
  <testcase classname="tests.LowCabFareTests" name="testSelectSuv" time="0.0">
    <ignored/>
  </testcase> <!-- testSelectSuv -->
  <testcase classname="tests.LowCabFareTests" name="testClickOneWayOutstationLink" time="0.0">
    <ignored/>
  </testcase> <!-- testClickOneWayOutstationLink -->
  <testcase classname="tests.LowCabFareTests" name="testClickTimePickerLink" time="0.0">
    <ignored/>
  </testcase> <!-- testClickTimePickerLink -->
  <testcase classname="tests.LowCabFareTests" name="testClickDateSelectorLink" time="0.0">
    <ignored/>
  </testcase> <!-- testClickDateSelectorLink -->
  <testcase classname="tests.LowCabFareTests" name="testClickSortLink" time="0.0">
    <ignored/>
  </testcase> <!-- testClickSortLink -->
  <testcase classname="tests.LowCabFareTests" name="testClickCabsLink" time="0.0">
    <ignored/>
  </testcase> <!-- testClickCabsLink -->
  <testcase classname="tests.LowCabFareTests" name="testClickHourPickerLink" time="0.0">
    <ignored/>
  </testcase> <!-- testClickHourPickerLink -->
  <testcase classname="tests.GiftCardTests" name="testSendingKeys" time="0.0">
    <ignored/>
  </testcase> <!-- testSendingKeys -->
  <testcase classname="tests.LowCabFareTests" name="testClickLowestFare" time="0.0">
    <ignored/>
  </testcase> <!-- testClickLowestFare -->
  <testcase classname="tests.BookHotelTests" name="testNavigateBack" time="0.0">
    <ignored/>
  </testcase> <!-- testNavigateBack -->
  <testcase classname="tests.GiftCardTests" name="testSubmitting" time="0.0">
    <ignored/>
  </testcase> <!-- testSubmitting -->
  <testcase classname="tests.LowCabFareTests" name="testClickApplyLink" time="0.0">
    <ignored/>
  </testcase> <!-- testClickApplyLink -->
  <testcase classname="tests.LowCabFareTests" name="testEnterDestination" time="0.0">
    <ignored/>
  </testcase> <!-- testEnterDestination -->
</testsuite> <!-- Regression Test: Chrome -->
