<?xml version="1.0" encoding="UTF-8"?>
<!-- Generated by org.testng.reporters.JUnitXMLReporter -->
<testsuite ignored="2" hostname="AritraLappyXD" failures="0" tests="26" name="Test: Edge" time="83.142" errors="0" timestamp="2023-07-10T11:56:51 IST">
  <testcase classname="tests.LowCabFareTests" name="testVisitMakeMyTrip" time="12.63"/>
  <testcase classname="tests.LowCabFareTests" name="testHandleModal" time="1.286"/>
  <testcase classname="tests.LowCabFareTests" name="testClickCabsLink" time="0.571"/>
  <testcase classname="tests.LowCabFareTests" name="testClickOneWayOutstationLink" time="0.533"/>
  <testcase classname="tests.LowCabFareTests" name="testClickSourceLink" time="0.275"/>
  <testcase classname="tests.LowCabFareTests" name="testEnterDestination" time="5.752"/>
  <testcase classname="tests.LowCabFareTests" name="testClickDateSelectorLink" time="0.337"/>
  <testcase classname="tests.LowCabFareTests" name="testClickTimePickerLink" time="0.655"/>
  <testcase classname="tests.LowCabFareTests" name="testClickApplyLink" time="0.201"/>
  <testcase classname="tests.LowCabFareTests" name="testClickSearchLink" time="3.209"/>
  <testcase classname="tests.LowCabFareTests" name="testClickSortLink" time="1.975"/>
  <testcase classname="tests.LowCabFareTests" name="testSelectSuv" time="0.257"/>
  <testcase classname="tests.LowCabFareTests" name="testClickLowestFare" time="0.195"/>
  <testcase classname="tests.LowCabFareTests" name="testGetPrice" time="0.293"/>
  <testcase classname="tests.GiftCardTests" name="testVisitMakeMyTrip" time="11.621"/>
  <testcase classname="tests.GiftCardTests" name="testSelectingCard" time="2.202"/>
  <testcase classname="tests.GiftCardTests" name="testSendingKeys" time="1.128"/>
  <testcase classname="tests.GiftCardTests" name="testSubmitting" time="0.255"/>
  <testcase classname="tests.GiftCardTests" name="testShowError" time="0.181"/>
  <testcase classname="tests.BookHotelTests" name="testVisitMakeMyTrip" time="11.876"/>
  <testcase classname="tests.BookHotelTests" name="testHandleModal" time="1.295"/>
  <testcase classname="tests.BookHotelTests" name="testClickHotelBtn" time="0.512"/>
  <testcase classname="tests.BookHotelTests" name="testRoomsNGuest" time="0.378"/>
  <testcase classname="tests.BookHotelTests" name="testAdultsNo" time="0.177"/>
  <testcase classname="tests.BookHotelTests" name="testListAdult" time="0.964"/>
  <testcase classname="tests.BookHotelTests" name="testNavigateBack" time="2.288"/>
  <testcase classname="base.BaseClass" name="@AfterSuite closeExtentReport" time="0.0">
    <ignored/>
  </testcase> <!-- @AfterSuite closeExtentReport -->
  <testcase classname="base.BaseClass" name="@AfterSuite closeExtentReport" time="0.0">
    <ignored/>
  </testcase> <!-- @AfterSuite closeExtentReport -->
</testsuite> <!-- Test: Edge -->
