<?xml version="1.0" encoding="UTF-8"?>
<testng-results ignored="0" total="52" passed="52" failed="0" skipped="0">
  <reporter-output>
  </reporter-output>
  <suite started-at="2023-07-10T11:54:00 IST" name="MakeMyTrip Chrome Suite" finished-at="2023-07-10T11:55:27 IST" duration-ms="87741">
    <groups>
    </groups>
    <test started-at="2023-07-10T11:54:00 IST" name="Test: Chrome" finished-at="2023-07-10T11:55:27 IST" duration-ms="87741">
      <class name="tests.GiftCardTests">
        <test-method is-config="true" signature="initDriver(java.lang.String)[pri:0, instance:tests.GiftCardTests@69453e37]" started-at="2023-07-10T11:54:43 IST" name="initDriver" finished-at="2023-07-10T11:54:44 IST" duration-ms="1655" status="PASS">
          <params>
            <param index="0">
              <value>
                <![CDATA[chrome]]>
              </value>
            </param>
          </params>
          <reporter-output>
          </reporter-output>
        </test-method> <!-- initDriver -->
        <test-method is-config="true" signature="initExtentReport(org.testng.ITestContext)[pri:0, instance:tests.GiftCardTests@69453e37]" started-at="2023-07-10T11:54:44 IST" name="initExtentReport" finished-at="2023-07-10T11:54:44 IST" duration-ms="1" status="PASS">
          <params>
            <param index="0">
              <value>
                <![CDATA[org.testng.TestRunner@63553e9f]]>
              </value>
            </param>
          </params>
          <reporter-output>
          </reporter-output>
        </test-method> <!-- initExtentReport -->
        <test-method is-config="true" signature="setPage(java.lang.reflect.Method)[pri:0, instance:tests.GiftCardTests@69453e37]" started-at="2023-07-10T11:54:44 IST" name="setPage" finished-at="2023-07-10T11:54:44 IST" duration-ms="6" status="PASS">
          <params>
            <param index="0">
              <value>
                <![CDATA[public void tests.GiftCardTests.testVisitMakeMyTrip() throws java.lang.InterruptedException]]>
              </value>
            </param>
          </params>
          <reporter-output>
          </reporter-output>
        </test-method> <!-- setPage -->
        <test-method signature="testVisitMakeMyTrip()[pri:1, instance:tests.GiftCardTests@69453e37]" started-at="2023-07-10T11:54:44 IST" name="testVisitMakeMyTrip" finished-at="2023-07-10T11:54:56 IST" duration-ms="11140" status="PASS">
          <reporter-output>
          </reporter-output>
        </test-method> <!-- testVisitMakeMyTrip -->
        <test-method is-config="true" signature="takeFailedScreenshots(org.testng.ITestResult)[pri:0, instance:tests.GiftCardTests@69453e37]" started-at="2023-07-10T11:54:56 IST" name="takeFailedScreenshots" finished-at="2023-07-10T11:54:56 IST" duration-ms="769" status="PASS">
          <params>
            <param index="0">
              <value>
                <![CDATA[[TestResult name=testVisitMakeMyTrip status=SUCCESS method=GiftCardTests.testVisitMakeMyTrip()[pri:1, instance:tests.GiftCardTests@69453e37] output={null}]]]>
              </value>
            </param>
          </params>
          <reporter-output>
          </reporter-output>
        </test-method> <!-- takeFailedScreenshots -->
        <test-method is-config="true" signature="setPage(java.lang.reflect.Method)[pri:0, instance:tests.GiftCardTests@69453e37]" started-at="2023-07-10T11:54:56 IST" name="setPage" finished-at="2023-07-10T11:54:56 IST" duration-ms="1" status="PASS">
          <params>
            <param index="0">
              <value>
                <![CDATA[public void tests.GiftCardTests.testSelectingCard() throws java.lang.InterruptedException]]>
              </value>
            </param>
          </params>
          <reporter-output>
          </reporter-output>
        </test-method> <!-- setPage -->
        <test-method signature="testSelectingCard()[pri:2, instance:tests.GiftCardTests@69453e37]" started-at="2023-07-10T11:54:56 IST" name="testSelectingCard" finished-at="2023-07-10T11:54:59 IST" depends-on-methods="tests.GiftCardTests.testVisitMakeMyTrip" duration-ms="2168" status="PASS">
          <reporter-output>
          </reporter-output>
        </test-method> <!-- testSelectingCard -->
        <test-method is-config="true" signature="takeFailedScreenshots(org.testng.ITestResult)[pri:0, instance:tests.GiftCardTests@69453e37]" started-at="2023-07-10T11:54:59 IST" name="takeFailedScreenshots" finished-at="2023-07-10T11:54:59 IST" duration-ms="470" status="PASS">
          <params>
            <param index="0">
              <value>
                <![CDATA[[TestResult name=testSelectingCard status=SUCCESS method=GiftCardTests.testSelectingCard()[pri:2, instance:tests.GiftCardTests@69453e37] output={null}]]]>
              </value>
            </param>
          </params>
          <reporter-output>
          </reporter-output>
        </test-method> <!-- takeFailedScreenshots -->
        <test-method is-config="true" signature="setPage(java.lang.reflect.Method)[pri:0, instance:tests.GiftCardTests@69453e37]" started-at="2023-07-10T11:54:59 IST" name="setPage" finished-at="2023-07-10T11:54:59 IST" duration-ms="3" status="PASS">
          <params>
            <param index="0">
              <value>
                <![CDATA[public void tests.GiftCardTests.testSendingKeys() throws java.lang.InterruptedException]]>
              </value>
            </param>
          </params>
          <reporter-output>
          </reporter-output>
        </test-method> <!-- setPage -->
        <test-method signature="testSendingKeys()[pri:3, instance:tests.GiftCardTests@69453e37]" started-at="2023-07-10T11:54:59 IST" name="testSendingKeys" finished-at="2023-07-10T11:55:00 IST" depends-on-methods="tests.GiftCardTests.testSelectingCard" duration-ms="1341" status="PASS">
          <reporter-output>
          </reporter-output>
        </test-method> <!-- testSendingKeys -->
        <test-method is-config="true" signature="takeFailedScreenshots(org.testng.ITestResult)[pri:0, instance:tests.GiftCardTests@69453e37]" started-at="2023-07-10T11:55:00 IST" name="takeFailedScreenshots" finished-at="2023-07-10T11:55:01 IST" duration-ms="308" status="PASS">
          <params>
            <param index="0">
              <value>
                <![CDATA[[TestResult name=testSendingKeys status=SUCCESS method=GiftCardTests.testSendingKeys()[pri:3, instance:tests.GiftCardTests@69453e37] output={null}]]]>
              </value>
            </param>
          </params>
          <reporter-output>
          </reporter-output>
        </test-method> <!-- takeFailedScreenshots -->
        <test-method is-config="true" signature="setPage(java.lang.reflect.Method)[pri:0, instance:tests.GiftCardTests@69453e37]" started-at="2023-07-10T11:55:01 IST" name="setPage" finished-at="2023-07-10T11:55:01 IST" duration-ms="2" status="PASS">
          <params>
            <param index="0">
              <value>
                <![CDATA[public void tests.GiftCardTests.testSubmitting()]]>
              </value>
            </param>
          </params>
          <reporter-output>
          </reporter-output>
        </test-method> <!-- setPage -->
        <test-method signature="testSubmitting()[pri:4, instance:tests.GiftCardTests@69453e37]" started-at="2023-07-10T11:55:01 IST" name="testSubmitting" finished-at="2023-07-10T11:55:01 IST" depends-on-methods="tests.GiftCardTests.testSendingKeys" duration-ms="224" status="PASS">
          <reporter-output>
          </reporter-output>
        </test-method> <!-- testSubmitting -->
        <test-method is-config="true" signature="takeFailedScreenshots(org.testng.ITestResult)[pri:0, instance:tests.GiftCardTests@69453e37]" started-at="2023-07-10T11:55:01 IST" name="takeFailedScreenshots" finished-at="2023-07-10T11:55:01 IST" duration-ms="361" status="PASS">
          <params>
            <param index="0">
              <value>
                <![CDATA[[TestResult name=testSubmitting status=SUCCESS method=GiftCardTests.testSubmitting()[pri:4, instance:tests.GiftCardTests@69453e37] output={null}]]]>
              </value>
            </param>
          </params>
          <reporter-output>
          </reporter-output>
        </test-method> <!-- takeFailedScreenshots -->
        <test-method is-config="true" signature="setPage(java.lang.reflect.Method)[pri:0, instance:tests.GiftCardTests@69453e37]" started-at="2023-07-10T11:55:01 IST" name="setPage" finished-at="2023-07-10T11:55:01 IST" duration-ms="1" status="PASS">
          <params>
            <param index="0">
              <value>
                <![CDATA[public void tests.GiftCardTests.testShowError() throws java.lang.Exception]]>
              </value>
            </param>
          </params>
          <reporter-output>
          </reporter-output>
        </test-method> <!-- setPage -->
        <test-method signature="testShowError()[pri:5, instance:tests.GiftCardTests@69453e37]" started-at="2023-07-10T11:55:01 IST" name="testShowError" finished-at="2023-07-10T11:55:02 IST" depends-on-methods="tests.GiftCardTests.testSubmitting" duration-ms="253" status="PASS">
          <reporter-output>
          </reporter-output>
        </test-method> <!-- testShowError -->
        <test-method is-config="true" signature="takeFailedScreenshots(org.testng.ITestResult)[pri:0, instance:tests.GiftCardTests@69453e37]" started-at="2023-07-10T11:55:02 IST" name="takeFailedScreenshots" finished-at="2023-07-10T11:55:02 IST" duration-ms="322" status="PASS">
          <params>
            <param index="0">
              <value>
                <![CDATA[[TestResult name=testShowError status=SUCCESS method=GiftCardTests.testShowError()[pri:5, instance:tests.GiftCardTests@69453e37] output={null}]]]>
              </value>
            </param>
          </params>
          <reporter-output>
          </reporter-output>
        </test-method> <!-- takeFailedScreenshots -->
        <test-method is-config="true" signature="tearDown()[pri:0, instance:tests.GiftCardTests@69453e37]" started-at="2023-07-10T11:55:02 IST" name="tearDown" finished-at="2023-07-10T11:55:02 IST" duration-ms="474" status="PASS">
          <reporter-output>
          </reporter-output>
        </test-method> <!-- tearDown -->
      </class> <!-- tests.GiftCardTests -->
      <class name="tests.LowCabFareTests">
        <test-method is-config="true" signature="initDriver(java.lang.String)[pri:0, instance:tests.LowCabFareTests@38afe297]" started-at="2023-07-10T11:54:00 IST" name="initDriver" finished-at="2023-07-10T11:54:05 IST" duration-ms="4849" status="PASS">
          <params>
            <param index="0">
              <value>
                <![CDATA[chrome]]>
              </value>
            </param>
          </params>
          <reporter-output>
          </reporter-output>
        </test-method> <!-- initDriver -->
        <test-method is-config="true" signature="initExtentReport(org.testng.ITestContext)[pri:0, instance:tests.LowCabFareTests@38afe297]" started-at="2023-07-10T11:54:05 IST" name="initExtentReport" finished-at="2023-07-10T11:54:05 IST" duration-ms="582" status="PASS">
          <params>
            <param index="0">
              <value>
                <![CDATA[org.testng.TestRunner@63553e9f]]>
              </value>
            </param>
          </params>
          <reporter-output>
          </reporter-output>
        </test-method> <!-- initExtentReport -->
        <test-method is-config="true" signature="setPage(java.lang.reflect.Method)[pri:0, instance:tests.LowCabFareTests@38afe297]" started-at="2023-07-10T11:54:05 IST" name="setPage" finished-at="2023-07-10T11:54:05 IST" duration-ms="238" status="PASS">
          <params>
            <param index="0">
              <value>
                <![CDATA[public void tests.LowCabFareTests.testVisitMakeMyTrip() throws java.lang.InterruptedException]]>
              </value>
            </param>
          </params>
          <reporter-output>
          </reporter-output>
        </test-method> <!-- setPage -->
        <test-method signature="testVisitMakeMyTrip()[pri:1, instance:tests.LowCabFareTests@38afe297]" started-at="2023-07-10T11:54:05 IST" name="testVisitMakeMyTrip" finished-at="2023-07-10T11:54:17 IST" duration-ms="11352" status="PASS">
          <reporter-output>
          </reporter-output>
        </test-method> <!-- testVisitMakeMyTrip -->
        <test-method is-config="true" signature="takeFailedScreenshots(org.testng.ITestResult)[pri:0, instance:tests.LowCabFareTests@38afe297]" started-at="2023-07-10T11:54:17 IST" name="takeFailedScreenshots" finished-at="2023-07-10T11:54:18 IST" duration-ms="1086" status="PASS">
          <params>
            <param index="0">
              <value>
                <![CDATA[[TestResult name=testVisitMakeMyTrip status=SUCCESS method=LowCabFareTests.testVisitMakeMyTrip()[pri:1, instance:tests.LowCabFareTests@38afe297] output={null}]]]>
              </value>
            </param>
          </params>
          <reporter-output>
          </reporter-output>
        </test-method> <!-- takeFailedScreenshots -->
        <test-method is-config="true" signature="setPage(java.lang.reflect.Method)[pri:0, instance:tests.LowCabFareTests@38afe297]" started-at="2023-07-10T11:54:18 IST" name="setPage" finished-at="2023-07-10T11:54:18 IST" duration-ms="5" status="PASS">
          <params>
            <param index="0">
              <value>
                <![CDATA[public void tests.LowCabFareTests.testHandleModal() throws java.lang.InterruptedException]]>
              </value>
            </param>
          </params>
          <reporter-output>
          </reporter-output>
        </test-method> <!-- setPage -->
        <test-method signature="testHandleModal()[pri:2, instance:tests.LowCabFareTests@38afe297]" started-at="2023-07-10T11:54:18 IST" name="testHandleModal" finished-at="2023-07-10T11:54:19 IST" depends-on-methods="tests.LowCabFareTests.testVisitMakeMyTrip" duration-ms="1443" status="PASS">
          <reporter-output>
          </reporter-output>
        </test-method> <!-- testHandleModal -->
        <test-method is-config="true" signature="takeFailedScreenshots(org.testng.ITestResult)[pri:0, instance:tests.LowCabFareTests@38afe297]" started-at="2023-07-10T11:54:19 IST" name="takeFailedScreenshots" finished-at="2023-07-10T11:54:20 IST" duration-ms="900" status="PASS">
          <params>
            <param index="0">
              <value>
                <![CDATA[[TestResult name=testHandleModal status=SUCCESS method=LowCabFareTests.testHandleModal()[pri:2, instance:tests.LowCabFareTests@38afe297] output={null}]]]>
              </value>
            </param>
          </params>
          <reporter-output>
          </reporter-output>
        </test-method> <!-- takeFailedScreenshots -->
        <test-method is-config="true" signature="setPage(java.lang.reflect.Method)[pri:0, instance:tests.LowCabFareTests@38afe297]" started-at="2023-07-10T11:54:20 IST" name="setPage" finished-at="2023-07-10T11:54:20 IST" duration-ms="5" status="PASS">
          <params>
            <param index="0">
              <value>
                <![CDATA[public void tests.LowCabFareTests.testClickCabsLink() throws java.lang.InterruptedException]]>
              </value>
            </param>
          </params>
          <reporter-output>
          </reporter-output>
        </test-method> <!-- setPage -->
        <test-method signature="testClickCabsLink()[pri:3, instance:tests.LowCabFareTests@38afe297]" started-at="2023-07-10T11:54:20 IST" name="testClickCabsLink" finished-at="2023-07-10T11:54:21 IST" depends-on-methods="tests.LowCabFareTests.testHandleModal" duration-ms="418" status="PASS">
          <reporter-output>
          </reporter-output>
        </test-method> <!-- testClickCabsLink -->
        <test-method is-config="true" signature="takeFailedScreenshots(org.testng.ITestResult)[pri:0, instance:tests.LowCabFareTests@38afe297]" started-at="2023-07-10T11:54:21 IST" name="takeFailedScreenshots" finished-at="2023-07-10T11:54:21 IST" duration-ms="607" status="PASS">
          <params>
            <param index="0">
              <value>
                <![CDATA[[TestResult name=testClickCabsLink status=SUCCESS method=LowCabFareTests.testClickCabsLink()[pri:3, instance:tests.LowCabFareTests@38afe297] output={null}]]]>
              </value>
            </param>
          </params>
          <reporter-output>
          </reporter-output>
        </test-method> <!-- takeFailedScreenshots -->
        <test-method is-config="true" signature="setPage(java.lang.reflect.Method)[pri:0, instance:tests.LowCabFareTests@38afe297]" started-at="2023-07-10T11:54:21 IST" name="setPage" finished-at="2023-07-10T11:54:21 IST" duration-ms="5" status="PASS">
          <params>
            <param index="0">
              <value>
                <![CDATA[public void tests.LowCabFareTests.testClickOneWayOutstationLink()]]>
              </value>
            </param>
          </params>
          <reporter-output>
          </reporter-output>
        </test-method> <!-- setPage -->
        <test-method signature="testClickOneWayOutstationLink()[pri:4, instance:tests.LowCabFareTests@38afe297]" started-at="2023-07-10T11:54:21 IST" name="testClickOneWayOutstationLink" finished-at="2023-07-10T11:54:22 IST" depends-on-methods="tests.LowCabFareTests.testClickCabsLink" duration-ms="466" status="PASS">
          <reporter-output>
          </reporter-output>
        </test-method> <!-- testClickOneWayOutstationLink -->
        <test-method is-config="true" signature="takeFailedScreenshots(org.testng.ITestResult)[pri:0, instance:tests.LowCabFareTests@38afe297]" started-at="2023-07-10T11:54:22 IST" name="takeFailedScreenshots" finished-at="2023-07-10T11:54:22 IST" duration-ms="460" status="PASS">
          <params>
            <param index="0">
              <value>
                <![CDATA[[TestResult name=testClickOneWayOutstationLink status=SUCCESS method=LowCabFareTests.testClickOneWayOutstationLink()[pri:4, instance:tests.LowCabFareTests@38afe297] output={null}]]]>
              </value>
            </param>
          </params>
          <reporter-output>
          </reporter-output>
        </test-method> <!-- takeFailedScreenshots -->
        <test-method is-config="true" signature="setPage(java.lang.reflect.Method)[pri:0, instance:tests.LowCabFareTests@38afe297]" started-at="2023-07-10T11:54:22 IST" name="setPage" finished-at="2023-07-10T11:54:22 IST" duration-ms="5" status="PASS">
          <params>
            <param index="0">
              <value>
                <![CDATA[public void tests.LowCabFareTests.testClickSourceLink() throws java.lang.InterruptedException]]>
              </value>
            </param>
          </params>
          <reporter-output>
          </reporter-output>
        </test-method> <!-- setPage -->
        <test-method signature="testClickSourceLink()[pri:5, instance:tests.LowCabFareTests@38afe297]" started-at="2023-07-10T11:54:22 IST" name="testClickSourceLink" finished-at="2023-07-10T11:54:22 IST" depends-on-methods="tests.LowCabFareTests.testClickOneWayOutstationLink" duration-ms="282" status="PASS">
          <reporter-output>
          </reporter-output>
        </test-method> <!-- testClickSourceLink -->
        <test-method is-config="true" signature="takeFailedScreenshots(org.testng.ITestResult)[pri:0, instance:tests.LowCabFareTests@38afe297]" started-at="2023-07-10T11:54:22 IST" name="takeFailedScreenshots" finished-at="2023-07-10T11:54:23 IST" duration-ms="445" status="PASS">
          <params>
            <param index="0">
              <value>
                <![CDATA[[TestResult name=testClickSourceLink status=SUCCESS method=LowCabFareTests.testClickSourceLink()[pri:5, instance:tests.LowCabFareTests@38afe297] output={null}]]]>
              </value>
            </param>
          </params>
          <reporter-output>
          </reporter-output>
        </test-method> <!-- takeFailedScreenshots -->
        <test-method is-config="true" signature="setPage(java.lang.reflect.Method)[pri:0, instance:tests.LowCabFareTests@38afe297]" started-at="2023-07-10T11:54:23 IST" name="setPage" finished-at="2023-07-10T11:54:23 IST" duration-ms="3" status="PASS">
          <params>
            <param index="0">
              <value>
                <![CDATA[public void tests.LowCabFareTests.testEnterDestination() throws java.lang.InterruptedException]]>
              </value>
            </param>
          </params>
          <reporter-output>
          </reporter-output>
        </test-method> <!-- setPage -->
        <test-method signature="testEnterDestination()[pri:6, instance:tests.LowCabFareTests@38afe297]" started-at="2023-07-10T11:54:23 IST" name="testEnterDestination" finished-at="2023-07-10T11:54:29 IST" depends-on-methods="tests.LowCabFareTests.testClickSourceLink" duration-ms="5617" status="PASS">
          <reporter-output>
          </reporter-output>
        </test-method> <!-- testEnterDestination -->
        <test-method is-config="true" signature="takeFailedScreenshots(org.testng.ITestResult)[pri:0, instance:tests.LowCabFareTests@38afe297]" started-at="2023-07-10T11:54:29 IST" name="takeFailedScreenshots" finished-at="2023-07-10T11:54:29 IST" duration-ms="584" status="PASS">
          <params>
            <param index="0">
              <value>
                <![CDATA[[TestResult name=testEnterDestination status=SUCCESS method=LowCabFareTests.testEnterDestination()[pri:6, instance:tests.LowCabFareTests@38afe297] output={null}]]]>
              </value>
            </param>
          </params>
          <reporter-output>
          </reporter-output>
        </test-method> <!-- takeFailedScreenshots -->
        <test-method is-config="true" signature="setPage(java.lang.reflect.Method)[pri:0, instance:tests.LowCabFareTests@38afe297]" started-at="2023-07-10T11:54:29 IST" name="setPage" finished-at="2023-07-10T11:54:29 IST" duration-ms="4" status="PASS">
          <params>
            <param index="0">
              <value>
                <![CDATA[public void tests.LowCabFareTests.testClickDateSelectorLink()]]>
              </value>
            </param>
          </params>
          <reporter-output>
          </reporter-output>
        </test-method> <!-- setPage -->
        <test-method signature="testClickDateSelectorLink()[pri:7, instance:tests.LowCabFareTests@38afe297]" started-at="2023-07-10T11:54:29 IST" name="testClickDateSelectorLink" finished-at="2023-07-10T11:54:29 IST" depends-on-methods="tests.LowCabFareTests.testEnterDestination" duration-ms="379" status="PASS">
          <reporter-output>
          </reporter-output>
        </test-method> <!-- testClickDateSelectorLink -->
        <test-method is-config="true" signature="takeFailedScreenshots(org.testng.ITestResult)[pri:0, instance:tests.LowCabFareTests@38afe297]" started-at="2023-07-10T11:54:29 IST" name="takeFailedScreenshots" finished-at="2023-07-10T11:54:30 IST" duration-ms="733" status="PASS">
          <params>
            <param index="0">
              <value>
                <![CDATA[[TestResult name=testClickDateSelectorLink status=SUCCESS method=LowCabFareTests.testClickDateSelectorLink()[pri:7, instance:tests.LowCabFareTests@38afe297] output={null}]]]>
              </value>
            </param>
          </params>
          <reporter-output>
          </reporter-output>
        </test-method> <!-- takeFailedScreenshots -->
        <test-method is-config="true" signature="setPage(java.lang.reflect.Method)[pri:0, instance:tests.LowCabFareTests@38afe297]" started-at="2023-07-10T11:54:30 IST" name="setPage" finished-at="2023-07-10T11:54:30 IST" duration-ms="3" status="PASS">
          <params>
            <param index="0">
              <value>
                <![CDATA[public void tests.LowCabFareTests.testClickTimePickerLink()]]>
              </value>
            </param>
          </params>
          <reporter-output>
          </reporter-output>
        </test-method> <!-- setPage -->
        <test-method signature="testClickTimePickerLink()[pri:8, instance:tests.LowCabFareTests@38afe297]" started-at="2023-07-10T11:54:30 IST" name="testClickTimePickerLink" finished-at="2023-07-10T11:54:31 IST" depends-on-methods="tests.LowCabFareTests.testClickDateSelectorLink" duration-ms="764" status="PASS">
          <reporter-output>
          </reporter-output>
        </test-method> <!-- testClickTimePickerLink -->
        <test-method is-config="true" signature="takeFailedScreenshots(org.testng.ITestResult)[pri:0, instance:tests.LowCabFareTests@38afe297]" started-at="2023-07-10T11:54:31 IST" name="takeFailedScreenshots" finished-at="2023-07-10T11:54:32 IST" duration-ms="563" status="PASS">
          <params>
            <param index="0">
              <value>
                <![CDATA[[TestResult name=testClickTimePickerLink status=SUCCESS method=LowCabFareTests.testClickTimePickerLink()[pri:8, instance:tests.LowCabFareTests@38afe297] output={null}]]]>
              </value>
            </param>
          </params>
          <reporter-output>
          </reporter-output>
        </test-method> <!-- takeFailedScreenshots -->
        <test-method is-config="true" signature="setPage(java.lang.reflect.Method)[pri:0, instance:tests.LowCabFareTests@38afe297]" started-at="2023-07-10T11:54:32 IST" name="setPage" finished-at="2023-07-10T11:54:32 IST" duration-ms="44" status="PASS">
          <params>
            <param index="0">
              <value>
                <![CDATA[public void tests.LowCabFareTests.testClickApplyLink()]]>
              </value>
            </param>
          </params>
          <reporter-output>
          </reporter-output>
        </test-method> <!-- setPage -->
        <test-method signature="testClickApplyLink()[pri:9, instance:tests.LowCabFareTests@38afe297]" started-at="2023-07-10T11:54:32 IST" name="testClickApplyLink" finished-at="2023-07-10T11:54:32 IST" depends-on-methods="tests.LowCabFareTests.testClickTimePickerLink" duration-ms="345" status="PASS">
          <reporter-output>
          </reporter-output>
        </test-method> <!-- testClickApplyLink -->
        <test-method is-config="true" signature="takeFailedScreenshots(org.testng.ITestResult)[pri:0, instance:tests.LowCabFareTests@38afe297]" started-at="2023-07-10T11:54:32 IST" name="takeFailedScreenshots" finished-at="2023-07-10T11:54:33 IST" duration-ms="544" status="PASS">
          <params>
            <param index="0">
              <value>
                <![CDATA[[TestResult name=testClickApplyLink status=SUCCESS method=LowCabFareTests.testClickApplyLink()[pri:9, instance:tests.LowCabFareTests@38afe297] output={null}]]]>
              </value>
            </param>
          </params>
          <reporter-output>
          </reporter-output>
        </test-method> <!-- takeFailedScreenshots -->
        <test-method is-config="true" signature="setPage(java.lang.reflect.Method)[pri:0, instance:tests.LowCabFareTests@38afe297]" started-at="2023-07-10T11:54:33 IST" name="setPage" finished-at="2023-07-10T11:54:33 IST" duration-ms="5" status="PASS">
          <params>
            <param index="0">
              <value>
                <![CDATA[public void tests.LowCabFareTests.testClickSearchLink()]]>
              </value>
            </param>
          </params>
          <reporter-output>
          </reporter-output>
        </test-method> <!-- setPage -->
        <test-method signature="testClickSearchLink()[pri:10, instance:tests.LowCabFareTests@38afe297]" started-at="2023-07-10T11:54:33 IST" name="testClickSearchLink" finished-at="2023-07-10T11:54:36 IST" depends-on-methods="tests.LowCabFareTests.testClickTimePickerLink" duration-ms="3639" status="PASS">
          <reporter-output>
          </reporter-output>
        </test-method> <!-- testClickSearchLink -->
        <test-method is-config="true" signature="takeFailedScreenshots(org.testng.ITestResult)[pri:0, instance:tests.LowCabFareTests@38afe297]" started-at="2023-07-10T11:54:36 IST" name="takeFailedScreenshots" finished-at="2023-07-10T11:54:37 IST" duration-ms="415" status="PASS">
          <params>
            <param index="0">
              <value>
                <![CDATA[[TestResult name=testClickSearchLink status=SUCCESS method=LowCabFareTests.testClickSearchLink()[pri:10, instance:tests.LowCabFareTests@38afe297] output={null}]]]>
              </value>
            </param>
          </params>
          <reporter-output>
          </reporter-output>
        </test-method> <!-- takeFailedScreenshots -->
        <test-method is-config="true" signature="setPage(java.lang.reflect.Method)[pri:0, instance:tests.LowCabFareTests@38afe297]" started-at="2023-07-10T11:54:37 IST" name="setPage" finished-at="2023-07-10T11:54:37 IST" duration-ms="2" status="PASS">
          <params>
            <param index="0">
              <value>
                <![CDATA[public void tests.LowCabFareTests.testClickSortLink()]]>
              </value>
            </param>
          </params>
          <reporter-output>
          </reporter-output>
        </test-method> <!-- setPage -->
        <test-method signature="testClickSortLink()[pri:11, instance:tests.LowCabFareTests@38afe297]" started-at="2023-07-10T11:54:37 IST" name="testClickSortLink" finished-at="2023-07-10T11:54:38 IST" depends-on-methods="tests.LowCabFareTests.testClickSearchLink" duration-ms="1698" status="PASS">
          <reporter-output>
          </reporter-output>
        </test-method> <!-- testClickSortLink -->
        <test-method is-config="true" signature="takeFailedScreenshots(org.testng.ITestResult)[pri:0, instance:tests.LowCabFareTests@38afe297]" started-at="2023-07-10T11:54:38 IST" name="takeFailedScreenshots" finished-at="2023-07-10T11:54:39 IST" duration-ms="433" status="PASS">
          <params>
            <param index="0">
              <value>
                <![CDATA[[TestResult name=testClickSortLink status=SUCCESS method=LowCabFareTests.testClickSortLink()[pri:11, instance:tests.LowCabFareTests@38afe297] output={null}]]]>
              </value>
            </param>
          </params>
          <reporter-output>
          </reporter-output>
        </test-method> <!-- takeFailedScreenshots -->
        <test-method is-config="true" signature="setPage(java.lang.reflect.Method)[pri:0, instance:tests.LowCabFareTests@38afe297]" started-at="2023-07-10T11:54:39 IST" name="setPage" finished-at="2023-07-10T11:54:39 IST" duration-ms="2" status="PASS">
          <params>
            <param index="0">
              <value>
                <![CDATA[public void tests.LowCabFareTests.testSelectSuv() throws java.lang.InterruptedException]]>
              </value>
            </param>
          </params>
          <reporter-output>
          </reporter-output>
        </test-method> <!-- setPage -->
        <test-method signature="testSelectSuv()[pri:12, instance:tests.LowCabFareTests@38afe297]" started-at="2023-07-10T11:54:39 IST" name="testSelectSuv" finished-at="2023-07-10T11:54:39 IST" depends-on-methods="tests.LowCabFareTests.testClickSortLink" duration-ms="267" status="PASS">
          <reporter-output>
          </reporter-output>
        </test-method> <!-- testSelectSuv -->
        <test-method is-config="true" signature="takeFailedScreenshots(org.testng.ITestResult)[pri:0, instance:tests.LowCabFareTests@38afe297]" started-at="2023-07-10T11:54:39 IST" name="takeFailedScreenshots" finished-at="2023-07-10T11:54:39 IST" duration-ms="365" status="PASS">
          <params>
            <param index="0">
              <value>
                <![CDATA[[TestResult name=testSelectSuv status=SUCCESS method=LowCabFareTests.testSelectSuv()[pri:12, instance:tests.LowCabFareTests@38afe297] output={null}]]]>
              </value>
            </param>
          </params>
          <reporter-output>
          </reporter-output>
        </test-method> <!-- takeFailedScreenshots -->
        <test-method is-config="true" signature="setPage(java.lang.reflect.Method)[pri:0, instance:tests.LowCabFareTests@38afe297]" started-at="2023-07-10T11:54:39 IST" name="setPage" finished-at="2023-07-10T11:54:39 IST" duration-ms="3" status="PASS">
          <params>
            <param index="0">
              <value>
                <![CDATA[public void tests.LowCabFareTests.testClickLowestFare()]]>
              </value>
            </param>
          </params>
          <reporter-output>
          </reporter-output>
        </test-method> <!-- setPage -->
        <test-method signature="testClickLowestFare()[pri:13, instance:tests.LowCabFareTests@38afe297]" started-at="2023-07-10T11:54:39 IST" name="testClickLowestFare" finished-at="2023-07-10T11:54:40 IST" depends-on-methods="tests.LowCabFareTests.testSelectSuv" duration-ms="193" status="PASS">
          <reporter-output>
          </reporter-output>
        </test-method> <!-- testClickLowestFare -->
        <test-method is-config="true" signature="takeFailedScreenshots(org.testng.ITestResult)[pri:0, instance:tests.LowCabFareTests@38afe297]" started-at="2023-07-10T11:54:40 IST" name="takeFailedScreenshots" finished-at="2023-07-10T11:54:40 IST" duration-ms="393" status="PASS">
          <params>
            <param index="0">
              <value>
                <![CDATA[[TestResult name=testClickLowestFare status=SUCCESS method=LowCabFareTests.testClickLowestFare()[pri:13, instance:tests.LowCabFareTests@38afe297] output={null}]]]>
              </value>
            </param>
          </params>
          <reporter-output>
          </reporter-output>
        </test-method> <!-- takeFailedScreenshots -->
        <test-method is-config="true" signature="setPage(java.lang.reflect.Method)[pri:0, instance:tests.LowCabFareTests@38afe297]" started-at="2023-07-10T11:54:40 IST" name="setPage" finished-at="2023-07-10T11:54:40 IST" duration-ms="1" status="PASS">
          <params>
            <param index="0">
              <value>
                <![CDATA[public void tests.LowCabFareTests.testGetPrice() throws java.lang.Exception]]>
              </value>
            </param>
          </params>
          <reporter-output>
          </reporter-output>
        </test-method> <!-- setPage -->
        <test-method signature="testGetPrice()[pri:14, instance:tests.LowCabFareTests@38afe297]" started-at="2023-07-10T11:54:40 IST" name="testGetPrice" finished-at="2023-07-10T11:54:42 IST" depends-on-methods="tests.LowCabFareTests.testClickLowestFare" duration-ms="1959" status="PASS">
          <reporter-output>
          </reporter-output>
        </test-method> <!-- testGetPrice -->
        <test-method is-config="true" signature="takeFailedScreenshots(org.testng.ITestResult)[pri:0, instance:tests.LowCabFareTests@38afe297]" started-at="2023-07-10T11:54:42 IST" name="takeFailedScreenshots" finished-at="2023-07-10T11:54:42 IST" duration-ms="316" status="PASS">
          <params>
            <param index="0">
              <value>
                <![CDATA[[TestResult name=testGetPrice status=SUCCESS method=LowCabFareTests.testGetPrice()[pri:14, instance:tests.LowCabFareTests@38afe297] output={null}]]]>
              </value>
            </param>
          </params>
          <reporter-output>
          </reporter-output>
        </test-method> <!-- takeFailedScreenshots -->
        <test-method is-config="true" signature="tearDown()[pri:0, instance:tests.LowCabFareTests@38afe297]" started-at="2023-07-10T11:54:42 IST" name="tearDown" finished-at="2023-07-10T11:54:43 IST" duration-ms="574" status="PASS">
          <reporter-output>
          </reporter-output>
        </test-method> <!-- tearDown -->
        <test-method is-config="true" signature="closeExtentReport()[pri:0, instance:tests.LowCabFareTests@38afe297]" started-at="2023-07-10T11:55:27 IST" name="closeExtentReport" finished-at="2023-07-10T11:55:28 IST" duration-ms="852" status="PASS">
          <reporter-output>
          </reporter-output>
        </test-method> <!-- closeExtentReport -->
      </class> <!-- tests.LowCabFareTests -->
      <class name="tests.BookHotelTests">
        <test-method is-config="true" signature="initDriver(java.lang.String)[pri:0, instance:tests.BookHotelTests@6f4a47c7]" started-at="2023-07-10T11:55:02 IST" name="initDriver" finished-at="2023-07-10T11:55:04 IST" duration-ms="1455" status="PASS">
          <params>
            <param index="0">
              <value>
                <![CDATA[chrome]]>
              </value>
            </param>
          </params>
          <reporter-output>
          </reporter-output>
        </test-method> <!-- initDriver -->
        <test-method is-config="true" signature="initExtentReport(org.testng.ITestContext)[pri:0, instance:tests.BookHotelTests@6f4a47c7]" started-at="2023-07-10T11:55:04 IST" name="initExtentReport" finished-at="2023-07-10T11:55:04 IST" duration-ms="0" status="PASS">
          <params>
            <param index="0">
              <value>
                <![CDATA[org.testng.TestRunner@63553e9f]]>
              </value>
            </param>
          </params>
          <reporter-output>
          </reporter-output>
        </test-method> <!-- initExtentReport -->
        <test-method is-config="true" signature="setPage(java.lang.reflect.Method)[pri:0, instance:tests.BookHotelTests@6f4a47c7]" started-at="2023-07-10T11:55:04 IST" name="setPage" finished-at="2023-07-10T11:55:04 IST" duration-ms="6" status="PASS">
          <params>
            <param index="0">
              <value>
                <![CDATA[public void tests.BookHotelTests.testVisitMakeMyTrip() throws java.lang.InterruptedException]]>
              </value>
            </param>
          </params>
          <reporter-output>
          </reporter-output>
        </test-method> <!-- setPage -->
        <test-method signature="testVisitMakeMyTrip()[pri:1, instance:tests.BookHotelTests@6f4a47c7]" started-at="2023-07-10T11:55:04 IST" name="testVisitMakeMyTrip" finished-at="2023-07-10T11:55:16 IST" duration-ms="12286" status="PASS">
          <reporter-output>
          </reporter-output>
        </test-method> <!-- testVisitMakeMyTrip -->
        <test-method is-config="true" signature="takeFailedScreenshots(org.testng.ITestResult)[pri:0, instance:tests.BookHotelTests@6f4a47c7]" started-at="2023-07-10T11:55:16 IST" name="takeFailedScreenshots" finished-at="2023-07-10T11:55:17 IST" duration-ms="782" status="PASS">
          <params>
            <param index="0">
              <value>
                <![CDATA[[TestResult name=testVisitMakeMyTrip status=SUCCESS method=BookHotelTests.testVisitMakeMyTrip()[pri:1, instance:tests.BookHotelTests@6f4a47c7] output={null}]]]>
              </value>
            </param>
          </params>
          <reporter-output>
          </reporter-output>
        </test-method> <!-- takeFailedScreenshots -->
        <test-method is-config="true" signature="setPage(java.lang.reflect.Method)[pri:0, instance:tests.BookHotelTests@6f4a47c7]" started-at="2023-07-10T11:55:17 IST" name="setPage" finished-at="2023-07-10T11:55:17 IST" duration-ms="0" status="PASS">
          <params>
            <param index="0">
              <value>
                <![CDATA[public void tests.BookHotelTests.testHandleModal() throws java.lang.InterruptedException]]>
              </value>
            </param>
          </params>
          <reporter-output>
          </reporter-output>
        </test-method> <!-- setPage -->
        <test-method signature="testHandleModal()[pri:2, instance:tests.BookHotelTests@6f4a47c7]" started-at="2023-07-10T11:55:17 IST" name="testHandleModal" finished-at="2023-07-10T11:55:18 IST" depends-on-methods="tests.BookHotelTests.testVisitMakeMyTrip" duration-ms="1281" status="PASS">
          <reporter-output>
          </reporter-output>
        </test-method> <!-- testHandleModal -->
        <test-method is-config="true" signature="takeFailedScreenshots(org.testng.ITestResult)[pri:0, instance:tests.BookHotelTests@6f4a47c7]" started-at="2023-07-10T11:55:18 IST" name="takeFailedScreenshots" finished-at="2023-07-10T11:55:19 IST" duration-ms="848" status="PASS">
          <params>
            <param index="0">
              <value>
                <![CDATA[[TestResult name=testHandleModal status=SUCCESS method=BookHotelTests.testHandleModal()[pri:2, instance:tests.BookHotelTests@6f4a47c7] output={null}]]]>
              </value>
            </param>
          </params>
          <reporter-output>
          </reporter-output>
        </test-method> <!-- takeFailedScreenshots -->
        <test-method is-config="true" signature="setPage(java.lang.reflect.Method)[pri:0, instance:tests.BookHotelTests@6f4a47c7]" started-at="2023-07-10T11:55:19 IST" name="setPage" finished-at="2023-07-10T11:55:19 IST" duration-ms="1" status="PASS">
          <params>
            <param index="0">
              <value>
                <![CDATA[public void tests.BookHotelTests.testClickHotelBtn()]]>
              </value>
            </param>
          </params>
          <reporter-output>
          </reporter-output>
        </test-method> <!-- setPage -->
        <test-method signature="testClickHotelBtn()[pri:3, instance:tests.BookHotelTests@6f4a47c7]" started-at="2023-07-10T11:55:19 IST" name="testClickHotelBtn" finished-at="2023-07-10T11:55:20 IST" depends-on-methods="tests.BookHotelTests.testHandleModal" duration-ms="716" status="PASS">
          <reporter-output>
          </reporter-output>
        </test-method> <!-- testClickHotelBtn -->
        <test-method is-config="true" signature="takeFailedScreenshots(org.testng.ITestResult)[pri:0, instance:tests.BookHotelTests@6f4a47c7]" started-at="2023-07-10T11:55:20 IST" name="takeFailedScreenshots" finished-at="2023-07-10T11:55:20 IST" duration-ms="668" status="PASS">
          <params>
            <param index="0">
              <value>
                <![CDATA[[TestResult name=testClickHotelBtn status=SUCCESS method=BookHotelTests.testClickHotelBtn()[pri:3, instance:tests.BookHotelTests@6f4a47c7] output={null}]]]>
              </value>
            </param>
          </params>
          <reporter-output>
          </reporter-output>
        </test-method> <!-- takeFailedScreenshots -->
        <test-method is-config="true" signature="setPage(java.lang.reflect.Method)[pri:0, instance:tests.BookHotelTests@6f4a47c7]" started-at="2023-07-10T11:55:20 IST" name="setPage" finished-at="2023-07-10T11:55:20 IST" duration-ms="0" status="PASS">
          <params>
            <param index="0">
              <value>
                <![CDATA[public void tests.BookHotelTests.testRoomsNGuest()]]>
              </value>
            </param>
          </params>
          <reporter-output>
          </reporter-output>
        </test-method> <!-- setPage -->
        <test-method signature="testRoomsNGuest()[pri:4, instance:tests.BookHotelTests@6f4a47c7]" started-at="2023-07-10T11:55:20 IST" name="testRoomsNGuest" finished-at="2023-07-10T11:55:21 IST" depends-on-methods="tests.BookHotelTests.testClickHotelBtn" duration-ms="392" status="PASS">
          <reporter-output>
          </reporter-output>
        </test-method> <!-- testRoomsNGuest -->
        <test-method is-config="true" signature="takeFailedScreenshots(org.testng.ITestResult)[pri:0, instance:tests.BookHotelTests@6f4a47c7]" started-at="2023-07-10T11:55:21 IST" name="takeFailedScreenshots" finished-at="2023-07-10T11:55:21 IST" duration-ms="674" status="PASS">
          <params>
            <param index="0">
              <value>
                <![CDATA[[TestResult name=testRoomsNGuest status=SUCCESS method=BookHotelTests.testRoomsNGuest()[pri:4, instance:tests.BookHotelTests@6f4a47c7] output={null}]]]>
              </value>
            </param>
          </params>
          <reporter-output>
          </reporter-output>
        </test-method> <!-- takeFailedScreenshots -->
        <test-method is-config="true" signature="setPage(java.lang.reflect.Method)[pri:0, instance:tests.BookHotelTests@6f4a47c7]" started-at="2023-07-10T11:55:21 IST" name="setPage" finished-at="2023-07-10T11:55:21 IST" duration-ms="1" status="PASS">
          <params>
            <param index="0">
              <value>
                <![CDATA[public void tests.BookHotelTests.testAdultsNo()]]>
              </value>
            </param>
          </params>
          <reporter-output>
          </reporter-output>
        </test-method> <!-- setPage -->
        <test-method signature="testAdultsNo()[pri:5, instance:tests.BookHotelTests@6f4a47c7]" started-at="2023-07-10T11:55:21 IST" name="testAdultsNo" finished-at="2023-07-10T11:55:22 IST" depends-on-methods="tests.BookHotelTests.testRoomsNGuest" duration-ms="178" status="PASS">
          <reporter-output>
          </reporter-output>
        </test-method> <!-- testAdultsNo -->
        <test-method is-config="true" signature="takeFailedScreenshots(org.testng.ITestResult)[pri:0, instance:tests.BookHotelTests@6f4a47c7]" started-at="2023-07-10T11:55:22 IST" name="takeFailedScreenshots" finished-at="2023-07-10T11:55:22 IST" duration-ms="650" status="PASS">
          <params>
            <param index="0">
              <value>
                <![CDATA[[TestResult name=testAdultsNo status=SUCCESS method=BookHotelTests.testAdultsNo()[pri:5, instance:tests.BookHotelTests@6f4a47c7] output={null}]]]>
              </value>
            </param>
          </params>
          <reporter-output>
          </reporter-output>
        </test-method> <!-- takeFailedScreenshots -->
        <test-method is-config="true" signature="setPage(java.lang.reflect.Method)[pri:0, instance:tests.BookHotelTests@6f4a47c7]" started-at="2023-07-10T11:55:22 IST" name="setPage" finished-at="2023-07-10T11:55:22 IST" duration-ms="0" status="PASS">
          <params>
            <param index="0">
              <value>
                <![CDATA[public void tests.BookHotelTests.testListAdult() throws java.lang.Exception]]>
              </value>
            </param>
          </params>
          <reporter-output>
          </reporter-output>
        </test-method> <!-- setPage -->
        <test-method signature="testListAdult()[pri:6, instance:tests.BookHotelTests@6f4a47c7]" started-at="2023-07-10T11:55:22 IST" name="testListAdult" finished-at="2023-07-10T11:55:23 IST" depends-on-methods="tests.BookHotelTests.testAdultsNo" duration-ms="1041" status="PASS">
          <reporter-output>
          </reporter-output>
        </test-method> <!-- testListAdult -->
        <test-method is-config="true" signature="takeFailedScreenshots(org.testng.ITestResult)[pri:0, instance:tests.BookHotelTests@6f4a47c7]" started-at="2023-07-10T11:55:23 IST" name="takeFailedScreenshots" finished-at="2023-07-10T11:55:24 IST" duration-ms="706" status="PASS">
          <params>
            <param index="0">
              <value>
                <![CDATA[[TestResult name=testListAdult status=SUCCESS method=BookHotelTests.testListAdult()[pri:6, instance:tests.BookHotelTests@6f4a47c7] output={null}]]]>
              </value>
            </param>
          </params>
          <reporter-output>
          </reporter-output>
        </test-method> <!-- takeFailedScreenshots -->
        <test-method is-config="true" signature="setPage(java.lang.reflect.Method)[pri:0, instance:tests.BookHotelTests@6f4a47c7]" started-at="2023-07-10T11:55:24 IST" name="setPage" finished-at="2023-07-10T11:55:24 IST" duration-ms="1" status="PASS">
          <params>
            <param index="0">
              <value>
                <![CDATA[public void tests.BookHotelTests.testNavigateBack() throws java.lang.InterruptedException]]>
              </value>
            </param>
          </params>
          <reporter-output>
          </reporter-output>
        </test-method> <!-- setPage -->
        <test-method signature="testNavigateBack()[pri:7, instance:tests.BookHotelTests@6f4a47c7]" started-at="2023-07-10T11:55:24 IST" name="testNavigateBack" finished-at="2023-07-10T11:55:26 IST" depends-on-methods="tests.BookHotelTests.testListAdult" duration-ms="2456" status="PASS">
          <reporter-output>
          </reporter-output>
        </test-method> <!-- testNavigateBack -->
        <test-method is-config="true" signature="takeFailedScreenshots(org.testng.ITestResult)[pri:0, instance:tests.BookHotelTests@6f4a47c7]" started-at="2023-07-10T11:55:26 IST" name="takeFailedScreenshots" finished-at="2023-07-10T11:55:27 IST" duration-ms="377" status="PASS">
          <params>
            <param index="0">
              <value>
                <![CDATA[[TestResult name=testNavigateBack status=SUCCESS method=BookHotelTests.testNavigateBack()[pri:7, instance:tests.BookHotelTests@6f4a47c7] output={null}]]]>
              </value>
            </param>
          </params>
          <reporter-output>
          </reporter-output>
        </test-method> <!-- takeFailedScreenshots -->
        <test-method is-config="true" signature="tearDown()[pri:0, instance:tests.BookHotelTests@6f4a47c7]" started-at="2023-07-10T11:55:27 IST" name="tearDown" finished-at="2023-07-10T11:55:27 IST" duration-ms="523" status="PASS">
          <reporter-output>
          </reporter-output>
        </test-method> <!-- tearDown -->
      </class> <!-- tests.BookHotelTests -->
    </test> <!-- Test: Chrome -->
  </suite> <!-- MakeMyTrip Chrome Suite -->
  <suite started-at="2023-07-10T11:56:52 IST" name="MakeMyTrip Generic Suite" finished-at="2023-07-10T11:56:52 IST" duration-ms="0">
    <groups>
    </groups>
  </suite> <!-- MakeMyTrip Generic Suite -->
  <suite started-at="2023-07-10T11:55:28 IST" name="MakeMyTrip Edge Suite" finished-at="2023-07-10T11:56:51 IST" duration-ms="83142">
    <groups>
    </groups>
    <test started-at="2023-07-10T11:55:28 IST" name="Test: Edge" finished-at="2023-07-10T11:56:51 IST" duration-ms="83142">
      <class name="tests.GiftCardTests">
        <test-method is-config="true" signature="initDriver(java.lang.String)[pri:0, instance:tests.GiftCardTests@5c90e579]" started-at="2023-07-10T11:56:07 IST" name="initDriver" finished-at="2023-07-10T11:56:09 IST" duration-ms="1755" status="PASS">
          <params>
            <param index="0">
              <value>
                <![CDATA[edge]]>
              </value>
            </param>
          </params>
          <reporter-output>
          </reporter-output>
        </test-method> <!-- initDriver -->
        <test-method is-config="true" signature="initExtentReport(org.testng.ITestContext)[pri:0, instance:tests.GiftCardTests@5c90e579]" started-at="2023-07-10T11:56:09 IST" name="initExtentReport" finished-at="2023-07-10T11:56:09 IST" duration-ms="0" status="PASS">
          <params>
            <param index="0">
              <value>
                <![CDATA[org.testng.TestRunner@218df7d6]]>
              </value>
            </param>
          </params>
          <reporter-output>
          </reporter-output>
        </test-method> <!-- initExtentReport -->
        <test-method is-config="true" signature="setPage(java.lang.reflect.Method)[pri:0, instance:tests.GiftCardTests@5c90e579]" started-at="2023-07-10T11:56:09 IST" name="setPage" finished-at="2023-07-10T11:56:09 IST" duration-ms="1" status="PASS">
          <params>
            <param index="0">
              <value>
                <![CDATA[public void tests.GiftCardTests.testVisitMakeMyTrip() throws java.lang.InterruptedException]]>
              </value>
            </param>
          </params>
          <reporter-output>
          </reporter-output>
        </test-method> <!-- setPage -->
        <test-method signature="testVisitMakeMyTrip()[pri:1, instance:tests.GiftCardTests@5c90e579]" started-at="2023-07-10T11:56:09 IST" name="testVisitMakeMyTrip" finished-at="2023-07-10T11:56:21 IST" duration-ms="11621" status="PASS">
          <reporter-output>
          </reporter-output>
        </test-method> <!-- testVisitMakeMyTrip -->
        <test-method is-config="true" signature="takeFailedScreenshots(org.testng.ITestResult)[pri:0, instance:tests.GiftCardTests@5c90e579]" started-at="2023-07-10T11:56:21 IST" name="takeFailedScreenshots" finished-at="2023-07-10T11:56:21 IST" duration-ms="881" status="PASS">
          <params>
            <param index="0">
              <value>
                <![CDATA[[TestResult name=testVisitMakeMyTrip status=SUCCESS method=GiftCardTests.testVisitMakeMyTrip()[pri:1, instance:tests.GiftCardTests@5c90e579] output={null}]]]>
              </value>
            </param>
          </params>
          <reporter-output>
          </reporter-output>
        </test-method> <!-- takeFailedScreenshots -->
        <test-method is-config="true" signature="setPage(java.lang.reflect.Method)[pri:0, instance:tests.GiftCardTests@5c90e579]" started-at="2023-07-10T11:56:21 IST" name="setPage" finished-at="2023-07-10T11:56:21 IST" duration-ms="2" status="PASS">
          <params>
            <param index="0">
              <value>
                <![CDATA[public void tests.GiftCardTests.testSelectingCard() throws java.lang.InterruptedException]]>
              </value>
            </param>
          </params>
          <reporter-output>
          </reporter-output>
        </test-method> <!-- setPage -->
        <test-method signature="testSelectingCard()[pri:2, instance:tests.GiftCardTests@5c90e579]" started-at="2023-07-10T11:56:21 IST" name="testSelectingCard" finished-at="2023-07-10T11:56:24 IST" depends-on-methods="tests.GiftCardTests.testVisitMakeMyTrip" duration-ms="2202" status="PASS">
          <reporter-output>
          </reporter-output>
        </test-method> <!-- testSelectingCard -->
        <test-method is-config="true" signature="takeFailedScreenshots(org.testng.ITestResult)[pri:0, instance:tests.GiftCardTests@5c90e579]" started-at="2023-07-10T11:56:24 IST" name="takeFailedScreenshots" finished-at="2023-07-10T11:56:24 IST" duration-ms="497" status="PASS">
          <params>
            <param index="0">
              <value>
                <![CDATA[[TestResult name=testSelectingCard status=SUCCESS method=GiftCardTests.testSelectingCard()[pri:2, instance:tests.GiftCardTests@5c90e579] output={null}]]]>
              </value>
            </param>
          </params>
          <reporter-output>
          </reporter-output>
        </test-method> <!-- takeFailedScreenshots -->
        <test-method is-config="true" signature="setPage(java.lang.reflect.Method)[pri:0, instance:tests.GiftCardTests@5c90e579]" started-at="2023-07-10T11:56:24 IST" name="setPage" finished-at="2023-07-10T11:56:24 IST" duration-ms="3" status="PASS">
          <params>
            <param index="0">
              <value>
                <![CDATA[public void tests.GiftCardTests.testSendingKeys() throws java.lang.InterruptedException]]>
              </value>
            </param>
          </params>
          <reporter-output>
          </reporter-output>
        </test-method> <!-- setPage -->
        <test-method signature="testSendingKeys()[pri:3, instance:tests.GiftCardTests@5c90e579]" started-at="2023-07-10T11:56:24 IST" name="testSendingKeys" finished-at="2023-07-10T11:56:25 IST" depends-on-methods="tests.GiftCardTests.testSelectingCard" duration-ms="1128" status="PASS">
          <reporter-output>
          </reporter-output>
        </test-method> <!-- testSendingKeys -->
        <test-method is-config="true" signature="takeFailedScreenshots(org.testng.ITestResult)[pri:0, instance:tests.GiftCardTests@5c90e579]" started-at="2023-07-10T11:56:25 IST" name="takeFailedScreenshots" finished-at="2023-07-10T11:56:26 IST" duration-ms="472" status="PASS">
          <params>
            <param index="0">
              <value>
                <![CDATA[[TestResult name=testSendingKeys status=SUCCESS method=GiftCardTests.testSendingKeys()[pri:3, instance:tests.GiftCardTests@5c90e579] output={null}]]]>
              </value>
            </param>
          </params>
          <reporter-output>
          </reporter-output>
        </test-method> <!-- takeFailedScreenshots -->
        <test-method is-config="true" signature="setPage(java.lang.reflect.Method)[pri:0, instance:tests.GiftCardTests@5c90e579]" started-at="2023-07-10T11:56:26 IST" name="setPage" finished-at="2023-07-10T11:56:26 IST" duration-ms="1" status="PASS">
          <params>
            <param index="0">
              <value>
                <![CDATA[public void tests.GiftCardTests.testSubmitting()]]>
              </value>
            </param>
          </params>
          <reporter-output>
          </reporter-output>
        </test-method> <!-- setPage -->
        <test-method signature="testSubmitting()[pri:4, instance:tests.GiftCardTests@5c90e579]" started-at="2023-07-10T11:56:26 IST" name="testSubmitting" finished-at="2023-07-10T11:56:26 IST" depends-on-methods="tests.GiftCardTests.testSendingKeys" duration-ms="255" status="PASS">
          <reporter-output>
          </reporter-output>
        </test-method> <!-- testSubmitting -->
        <test-method is-config="true" signature="takeFailedScreenshots(org.testng.ITestResult)[pri:0, instance:tests.GiftCardTests@5c90e579]" started-at="2023-07-10T11:56:26 IST" name="takeFailedScreenshots" finished-at="2023-07-10T11:56:26 IST" duration-ms="402" status="PASS">
          <params>
            <param index="0">
              <value>
                <![CDATA[[TestResult name=testSubmitting status=SUCCESS method=GiftCardTests.testSubmitting()[pri:4, instance:tests.GiftCardTests@5c90e579] output={null}]]]>
              </value>
            </param>
          </params>
          <reporter-output>
          </reporter-output>
        </test-method> <!-- takeFailedScreenshots -->
        <test-method is-config="true" signature="setPage(java.lang.reflect.Method)[pri:0, instance:tests.GiftCardTests@5c90e579]" started-at="2023-07-10T11:56:26 IST" name="setPage" finished-at="2023-07-10T11:56:26 IST" duration-ms="3" status="PASS">
          <params>
            <param index="0">
              <value>
                <![CDATA[public void tests.GiftCardTests.testShowError() throws java.lang.Exception]]>
              </value>
            </param>
          </params>
          <reporter-output>
          </reporter-output>
        </test-method> <!-- setPage -->
        <test-method signature="testShowError()[pri:5, instance:tests.GiftCardTests@5c90e579]" started-at="2023-07-10T11:56:26 IST" name="testShowError" finished-at="2023-07-10T11:56:27 IST" depends-on-methods="tests.GiftCardTests.testSubmitting" duration-ms="181" status="PASS">
          <reporter-output>
          </reporter-output>
        </test-method> <!-- testShowError -->
        <test-method is-config="true" signature="takeFailedScreenshots(org.testng.ITestResult)[pri:0, instance:tests.GiftCardTests@5c90e579]" started-at="2023-07-10T11:56:27 IST" name="takeFailedScreenshots" finished-at="2023-07-10T11:56:27 IST" duration-ms="266" status="PASS">
          <params>
            <param index="0">
              <value>
                <![CDATA[[TestResult name=testShowError status=SUCCESS method=GiftCardTests.testShowError()[pri:5, instance:tests.GiftCardTests@5c90e579] output={null}]]]>
              </value>
            </param>
          </params>
          <reporter-output>
          </reporter-output>
        </test-method> <!-- takeFailedScreenshots -->
        <test-method is-config="true" signature="tearDown()[pri:0, instance:tests.GiftCardTests@5c90e579]" started-at="2023-07-10T11:56:27 IST" name="tearDown" finished-at="2023-07-10T11:56:27 IST" duration-ms="512" status="PASS">
          <reporter-output>
          </reporter-output>
        </test-method> <!-- tearDown -->
      </class> <!-- tests.GiftCardTests -->
      <class name="tests.LowCabFareTests">
        <test-method is-config="true" signature="initDriver(java.lang.String)[pri:0, instance:tests.LowCabFareTests@1dac5ef]" started-at="2023-07-10T11:55:28 IST" name="initDriver" finished-at="2023-07-10T11:55:31 IST" duration-ms="3174" status="PASS">
          <params>
            <param index="0">
              <value>
                <![CDATA[edge]]>
              </value>
            </param>
          </params>
          <reporter-output>
          </reporter-output>
        </test-method> <!-- initDriver -->
        <test-method is-config="true" signature="initExtentReport(org.testng.ITestContext)[pri:0, instance:tests.LowCabFareTests@1dac5ef]" started-at="2023-07-10T11:55:31 IST" name="initExtentReport" finished-at="2023-07-10T11:55:31 IST" duration-ms="1" status="PASS">
          <params>
            <param index="0">
              <value>
                <![CDATA[org.testng.TestRunner@218df7d6]]>
              </value>
            </param>
          </params>
          <reporter-output>
          </reporter-output>
        </test-method> <!-- initExtentReport -->
        <test-method is-config="true" signature="setPage(java.lang.reflect.Method)[pri:0, instance:tests.LowCabFareTests@1dac5ef]" started-at="2023-07-10T11:55:31 IST" name="setPage" finished-at="2023-07-10T11:55:31 IST" duration-ms="3" status="PASS">
          <params>
            <param index="0">
              <value>
                <![CDATA[public void tests.LowCabFareTests.testVisitMakeMyTrip() throws java.lang.InterruptedException]]>
              </value>
            </param>
          </params>
          <reporter-output>
          </reporter-output>
        </test-method> <!-- setPage -->
        <test-method signature="testVisitMakeMyTrip()[pri:1, instance:tests.LowCabFareTests@1dac5ef]" started-at="2023-07-10T11:55:31 IST" name="testVisitMakeMyTrip" finished-at="2023-07-10T11:55:44 IST" duration-ms="12630" status="PASS">
          <reporter-output>
          </reporter-output>
        </test-method> <!-- testVisitMakeMyTrip -->
        <test-method is-config="true" signature="takeFailedScreenshots(org.testng.ITestResult)[pri:0, instance:tests.LowCabFareTests@1dac5ef]" started-at="2023-07-10T11:55:44 IST" name="takeFailedScreenshots" finished-at="2023-07-10T11:55:45 IST" duration-ms="795" status="PASS">
          <params>
            <param index="0">
              <value>
                <![CDATA[[TestResult name=testVisitMakeMyTrip status=SUCCESS method=LowCabFareTests.testVisitMakeMyTrip()[pri:1, instance:tests.LowCabFareTests@1dac5ef] output={null}]]]>
              </value>
            </param>
          </params>
          <reporter-output>
          </reporter-output>
        </test-method> <!-- takeFailedScreenshots -->
        <test-method is-config="true" signature="setPage(java.lang.reflect.Method)[pri:0, instance:tests.LowCabFareTests@1dac5ef]" started-at="2023-07-10T11:55:45 IST" name="setPage" finished-at="2023-07-10T11:55:45 IST" duration-ms="3" status="PASS">
          <params>
            <param index="0">
              <value>
                <![CDATA[public void tests.LowCabFareTests.testHandleModal() throws java.lang.InterruptedException]]>
              </value>
            </param>
          </params>
          <reporter-output>
          </reporter-output>
        </test-method> <!-- setPage -->
        <test-method signature="testHandleModal()[pri:2, instance:tests.LowCabFareTests@1dac5ef]" started-at="2023-07-10T11:55:45 IST" name="testHandleModal" finished-at="2023-07-10T11:55:46 IST" depends-on-methods="tests.LowCabFareTests.testVisitMakeMyTrip" duration-ms="1286" status="PASS">
          <reporter-output>
          </reporter-output>
        </test-method> <!-- testHandleModal -->
        <test-method is-config="true" signature="takeFailedScreenshots(org.testng.ITestResult)[pri:0, instance:tests.LowCabFareTests@1dac5ef]" started-at="2023-07-10T11:55:46 IST" name="takeFailedScreenshots" finished-at="2023-07-10T11:55:47 IST" duration-ms="765" status="PASS">
          <params>
            <param index="0">
              <value>
                <![CDATA[[TestResult name=testHandleModal status=SUCCESS method=LowCabFareTests.testHandleModal()[pri:2, instance:tests.LowCabFareTests@1dac5ef] output={null}]]]>
              </value>
            </param>
          </params>
          <reporter-output>
          </reporter-output>
        </test-method> <!-- takeFailedScreenshots -->
        <test-method is-config="true" signature="setPage(java.lang.reflect.Method)[pri:0, instance:tests.LowCabFareTests@1dac5ef]" started-at="2023-07-10T11:55:47 IST" name="setPage" finished-at="2023-07-10T11:55:47 IST" duration-ms="1" status="PASS">
          <params>
            <param index="0">
              <value>
                <![CDATA[public void tests.LowCabFareTests.testClickCabsLink() throws java.lang.InterruptedException]]>
              </value>
            </param>
          </params>
          <reporter-output>
          </reporter-output>
        </test-method> <!-- setPage -->
        <test-method signature="testClickCabsLink()[pri:3, instance:tests.LowCabFareTests@1dac5ef]" started-at="2023-07-10T11:55:47 IST" name="testClickCabsLink" finished-at="2023-07-10T11:55:48 IST" depends-on-methods="tests.LowCabFareTests.testHandleModal" duration-ms="571" status="PASS">
          <reporter-output>
          </reporter-output>
        </test-method> <!-- testClickCabsLink -->
        <test-method is-config="true" signature="takeFailedScreenshots(org.testng.ITestResult)[pri:0, instance:tests.LowCabFareTests@1dac5ef]" started-at="2023-07-10T11:55:48 IST" name="takeFailedScreenshots" finished-at="2023-07-10T11:55:48 IST" duration-ms="565" status="PASS">
          <params>
            <param index="0">
              <value>
                <![CDATA[[TestResult name=testClickCabsLink status=SUCCESS method=LowCabFareTests.testClickCabsLink()[pri:3, instance:tests.LowCabFareTests@1dac5ef] output={null}]]]>
              </value>
            </param>
          </params>
          <reporter-output>
          </reporter-output>
        </test-method> <!-- takeFailedScreenshots -->
        <test-method is-config="true" signature="setPage(java.lang.reflect.Method)[pri:0, instance:tests.LowCabFareTests@1dac5ef]" started-at="2023-07-10T11:55:48 IST" name="setPage" finished-at="2023-07-10T11:55:48 IST" duration-ms="2" status="PASS">
          <params>
            <param index="0">
              <value>
                <![CDATA[public void tests.LowCabFareTests.testClickOneWayOutstationLink()]]>
              </value>
            </param>
          </params>
          <reporter-output>
          </reporter-output>
        </test-method> <!-- setPage -->
        <test-method signature="testClickOneWayOutstationLink()[pri:4, instance:tests.LowCabFareTests@1dac5ef]" started-at="2023-07-10T11:55:48 IST" name="testClickOneWayOutstationLink" finished-at="2023-07-10T11:55:49 IST" depends-on-methods="tests.LowCabFareTests.testClickCabsLink" duration-ms="533" status="PASS">
          <reporter-output>
          </reporter-output>
        </test-method> <!-- testClickOneWayOutstationLink -->
        <test-method is-config="true" signature="takeFailedScreenshots(org.testng.ITestResult)[pri:0, instance:tests.LowCabFareTests@1dac5ef]" started-at="2023-07-10T11:55:49 IST" name="takeFailedScreenshots" finished-at="2023-07-10T11:55:49 IST" duration-ms="526" status="PASS">
          <params>
            <param index="0">
              <value>
                <![CDATA[[TestResult name=testClickOneWayOutstationLink status=SUCCESS method=LowCabFareTests.testClickOneWayOutstationLink()[pri:4, instance:tests.LowCabFareTests@1dac5ef] output={null}]]]>
              </value>
            </param>
          </params>
          <reporter-output>
          </reporter-output>
        </test-method> <!-- takeFailedScreenshots -->
        <test-method is-config="true" signature="setPage(java.lang.reflect.Method)[pri:0, instance:tests.LowCabFareTests@1dac5ef]" started-at="2023-07-10T11:55:49 IST" name="setPage" finished-at="2023-07-10T11:55:49 IST" duration-ms="2" status="PASS">
          <params>
            <param index="0">
              <value>
                <![CDATA[public void tests.LowCabFareTests.testClickSourceLink() throws java.lang.InterruptedException]]>
              </value>
            </param>
          </params>
          <reporter-output>
          </reporter-output>
        </test-method> <!-- setPage -->
        <test-method signature="testClickSourceLink()[pri:5, instance:tests.LowCabFareTests@1dac5ef]" started-at="2023-07-10T11:55:49 IST" name="testClickSourceLink" finished-at="2023-07-10T11:55:49 IST" depends-on-methods="tests.LowCabFareTests.testClickOneWayOutstationLink" duration-ms="275" status="PASS">
          <reporter-output>
          </reporter-output>
        </test-method> <!-- testClickSourceLink -->
        <test-method is-config="true" signature="takeFailedScreenshots(org.testng.ITestResult)[pri:0, instance:tests.LowCabFareTests@1dac5ef]" started-at="2023-07-10T11:55:49 IST" name="takeFailedScreenshots" finished-at="2023-07-10T11:55:50 IST" duration-ms="460" status="PASS">
          <params>
            <param index="0">
              <value>
                <![CDATA[[TestResult name=testClickSourceLink status=SUCCESS method=LowCabFareTests.testClickSourceLink()[pri:5, instance:tests.LowCabFareTests@1dac5ef] output={null}]]]>
              </value>
            </param>
          </params>
          <reporter-output>
          </reporter-output>
        </test-method> <!-- takeFailedScreenshots -->
        <test-method is-config="true" signature="setPage(java.lang.reflect.Method)[pri:0, instance:tests.LowCabFareTests@1dac5ef]" started-at="2023-07-10T11:55:50 IST" name="setPage" finished-at="2023-07-10T11:55:50 IST" duration-ms="1" status="PASS">
          <params>
            <param index="0">
              <value>
                <![CDATA[public void tests.LowCabFareTests.testEnterDestination() throws java.lang.InterruptedException]]>
              </value>
            </param>
          </params>
          <reporter-output>
          </reporter-output>
        </test-method> <!-- setPage -->
        <test-method signature="testEnterDestination()[pri:6, instance:tests.LowCabFareTests@1dac5ef]" started-at="2023-07-10T11:55:50 IST" name="testEnterDestination" finished-at="2023-07-10T11:55:56 IST" depends-on-methods="tests.LowCabFareTests.testClickSourceLink" duration-ms="5752" status="PASS">
          <reporter-output>
          </reporter-output>
        </test-method> <!-- testEnterDestination -->
        <test-method is-config="true" signature="takeFailedScreenshots(org.testng.ITestResult)[pri:0, instance:tests.LowCabFareTests@1dac5ef]" started-at="2023-07-10T11:55:56 IST" name="takeFailedScreenshots" finished-at="2023-07-10T11:55:56 IST" duration-ms="506" status="PASS">
          <params>
            <param index="0">
              <value>
                <![CDATA[[TestResult name=testEnterDestination status=SUCCESS method=LowCabFareTests.testEnterDestination()[pri:6, instance:tests.LowCabFareTests@1dac5ef] output={null}]]]>
              </value>
            </param>
          </params>
          <reporter-output>
          </reporter-output>
        </test-method> <!-- takeFailedScreenshots -->
        <test-method is-config="true" signature="setPage(java.lang.reflect.Method)[pri:0, instance:tests.LowCabFareTests@1dac5ef]" started-at="2023-07-10T11:55:56 IST" name="setPage" finished-at="2023-07-10T11:55:56 IST" duration-ms="1" status="PASS">
          <params>
            <param index="0">
              <value>
                <![CDATA[public void tests.LowCabFareTests.testClickDateSelectorLink()]]>
              </value>
            </param>
          </params>
          <reporter-output>
          </reporter-output>
        </test-method> <!-- setPage -->
        <test-method signature="testClickDateSelectorLink()[pri:7, instance:tests.LowCabFareTests@1dac5ef]" started-at="2023-07-10T11:55:56 IST" name="testClickDateSelectorLink" finished-at="2023-07-10T11:55:57 IST" depends-on-methods="tests.LowCabFareTests.testEnterDestination" duration-ms="337" status="PASS">
          <reporter-output>
          </reporter-output>
        </test-method> <!-- testClickDateSelectorLink -->
        <test-method is-config="true" signature="takeFailedScreenshots(org.testng.ITestResult)[pri:0, instance:tests.LowCabFareTests@1dac5ef]" started-at="2023-07-10T11:55:57 IST" name="takeFailedScreenshots" finished-at="2023-07-10T11:55:57 IST" duration-ms="421" status="PASS">
          <params>
            <param index="0">
              <value>
                <![CDATA[[TestResult name=testClickDateSelectorLink status=SUCCESS method=LowCabFareTests.testClickDateSelectorLink()[pri:7, instance:tests.LowCabFareTests@1dac5ef] output={null}]]]>
              </value>
            </param>
          </params>
          <reporter-output>
          </reporter-output>
        </test-method> <!-- takeFailedScreenshots -->
        <test-method is-config="true" signature="setPage(java.lang.reflect.Method)[pri:0, instance:tests.LowCabFareTests@1dac5ef]" started-at="2023-07-10T11:55:57 IST" name="setPage" finished-at="2023-07-10T11:55:57 IST" duration-ms="2" status="PASS">
          <params>
            <param index="0">
              <value>
                <![CDATA[public void tests.LowCabFareTests.testClickTimePickerLink()]]>
              </value>
            </param>
          </params>
          <reporter-output>
          </reporter-output>
        </test-method> <!-- setPage -->
        <test-method signature="testClickTimePickerLink()[pri:8, instance:tests.LowCabFareTests@1dac5ef]" started-at="2023-07-10T11:55:57 IST" name="testClickTimePickerLink" finished-at="2023-07-10T11:55:58 IST" depends-on-methods="tests.LowCabFareTests.testClickDateSelectorLink" duration-ms="655" status="PASS">
          <reporter-output>
          </reporter-output>
        </test-method> <!-- testClickTimePickerLink -->
        <test-method is-config="true" signature="takeFailedScreenshots(org.testng.ITestResult)[pri:0, instance:tests.LowCabFareTests@1dac5ef]" started-at="2023-07-10T11:55:58 IST" name="takeFailedScreenshots" finished-at="2023-07-10T11:55:58 IST" duration-ms="467" status="PASS">
          <params>
            <param index="0">
              <value>
                <![CDATA[[TestResult name=testClickTimePickerLink status=SUCCESS method=LowCabFareTests.testClickTimePickerLink()[pri:8, instance:tests.LowCabFareTests@1dac5ef] output={null}]]]>
              </value>
            </param>
          </params>
          <reporter-output>
          </reporter-output>
        </test-method> <!-- takeFailedScreenshots -->
        <test-method is-config="true" signature="setPage(java.lang.reflect.Method)[pri:0, instance:tests.LowCabFareTests@1dac5ef]" started-at="2023-07-10T11:55:58 IST" name="setPage" finished-at="2023-07-10T11:55:58 IST" duration-ms="1" status="PASS">
          <params>
            <param index="0">
              <value>
                <![CDATA[public void tests.LowCabFareTests.testClickApplyLink()]]>
              </value>
            </param>
          </params>
          <reporter-output>
          </reporter-output>
        </test-method> <!-- setPage -->
        <test-method signature="testClickApplyLink()[pri:9, instance:tests.LowCabFareTests@1dac5ef]" started-at="2023-07-10T11:55:58 IST" name="testClickApplyLink" finished-at="2023-07-10T11:55:58 IST" depends-on-methods="tests.LowCabFareTests.testClickTimePickerLink" duration-ms="201" status="PASS">
          <reporter-output>
          </reporter-output>
        </test-method> <!-- testClickApplyLink -->
        <test-method is-config="true" signature="takeFailedScreenshots(org.testng.ITestResult)[pri:0, instance:tests.LowCabFareTests@1dac5ef]" started-at="2023-07-10T11:55:58 IST" name="takeFailedScreenshots" finished-at="2023-07-10T11:55:59 IST" duration-ms="543" status="PASS">
          <params>
            <param index="0">
              <value>
                <![CDATA[[TestResult name=testClickApplyLink status=SUCCESS method=LowCabFareTests.testClickApplyLink()[pri:9, instance:tests.LowCabFareTests@1dac5ef] output={null}]]]>
              </value>
            </param>
          </params>
          <reporter-output>
          </reporter-output>
        </test-method> <!-- takeFailedScreenshots -->
        <test-method is-config="true" signature="setPage(java.lang.reflect.Method)[pri:0, instance:tests.LowCabFareTests@1dac5ef]" started-at="2023-07-10T11:55:59 IST" name="setPage" finished-at="2023-07-10T11:55:59 IST" duration-ms="2" status="PASS">
          <params>
            <param index="0">
              <value>
                <![CDATA[public void tests.LowCabFareTests.testClickSearchLink()]]>
              </value>
            </param>
          </params>
          <reporter-output>
          </reporter-output>
        </test-method> <!-- setPage -->
        <test-method signature="testClickSearchLink()[pri:10, instance:tests.LowCabFareTests@1dac5ef]" started-at="2023-07-10T11:55:59 IST" name="testClickSearchLink" finished-at="2023-07-10T11:56:02 IST" depends-on-methods="tests.LowCabFareTests.testClickTimePickerLink" duration-ms="3209" status="PASS">
          <reporter-output>
          </reporter-output>
        </test-method> <!-- testClickSearchLink -->
        <test-method is-config="true" signature="takeFailedScreenshots(org.testng.ITestResult)[pri:0, instance:tests.LowCabFareTests@1dac5ef]" started-at="2023-07-10T11:56:02 IST" name="takeFailedScreenshots" finished-at="2023-07-10T11:56:02 IST" duration-ms="301" status="PASS">
          <params>
            <param index="0">
              <value>
                <![CDATA[[TestResult name=testClickSearchLink status=SUCCESS method=LowCabFareTests.testClickSearchLink()[pri:10, instance:tests.LowCabFareTests@1dac5ef] output={null}]]]>
              </value>
            </param>
          </params>
          <reporter-output>
          </reporter-output>
        </test-method> <!-- takeFailedScreenshots -->
        <test-method is-config="true" signature="setPage(java.lang.reflect.Method)[pri:0, instance:tests.LowCabFareTests@1dac5ef]" started-at="2023-07-10T11:56:02 IST" name="setPage" finished-at="2023-07-10T11:56:02 IST" duration-ms="1" status="PASS">
          <params>
            <param index="0">
              <value>
                <![CDATA[public void tests.LowCabFareTests.testClickSortLink()]]>
              </value>
            </param>
          </params>
          <reporter-output>
          </reporter-output>
        </test-method> <!-- setPage -->
        <test-method signature="testClickSortLink()[pri:11, instance:tests.LowCabFareTests@1dac5ef]" started-at="2023-07-10T11:56:02 IST" name="testClickSortLink" finished-at="2023-07-10T11:56:04 IST" depends-on-methods="tests.LowCabFareTests.testClickSearchLink" duration-ms="1975" status="PASS">
          <reporter-output>
          </reporter-output>
        </test-method> <!-- testClickSortLink -->
        <test-method is-config="true" signature="takeFailedScreenshots(org.testng.ITestResult)[pri:0, instance:tests.LowCabFareTests@1dac5ef]" started-at="2023-07-10T11:56:04 IST" name="takeFailedScreenshots" finished-at="2023-07-10T11:56:05 IST" duration-ms="428" status="PASS">
          <params>
            <param index="0">
              <value>
                <![CDATA[[TestResult name=testClickSortLink status=SUCCESS method=LowCabFareTests.testClickSortLink()[pri:11, instance:tests.LowCabFareTests@1dac5ef] output={null}]]]>
              </value>
            </param>
          </params>
          <reporter-output>
          </reporter-output>
        </test-method> <!-- takeFailedScreenshots -->
        <test-method is-config="true" signature="setPage(java.lang.reflect.Method)[pri:0, instance:tests.LowCabFareTests@1dac5ef]" started-at="2023-07-10T11:56:05 IST" name="setPage" finished-at="2023-07-10T11:56:05 IST" duration-ms="2" status="PASS">
          <params>
            <param index="0">
              <value>
                <![CDATA[public void tests.LowCabFareTests.testSelectSuv() throws java.lang.InterruptedException]]>
              </value>
            </param>
          </params>
          <reporter-output>
          </reporter-output>
        </test-method> <!-- setPage -->
        <test-method signature="testSelectSuv()[pri:12, instance:tests.LowCabFareTests@1dac5ef]" started-at="2023-07-10T11:56:05 IST" name="testSelectSuv" finished-at="2023-07-10T11:56:05 IST" depends-on-methods="tests.LowCabFareTests.testClickSortLink" duration-ms="257" status="PASS">
          <reporter-output>
          </reporter-output>
        </test-method> <!-- testSelectSuv -->
        <test-method is-config="true" signature="takeFailedScreenshots(org.testng.ITestResult)[pri:0, instance:tests.LowCabFareTests@1dac5ef]" started-at="2023-07-10T11:56:05 IST" name="takeFailedScreenshots" finished-at="2023-07-10T11:56:05 IST" duration-ms="379" status="PASS">
          <params>
            <param index="0">
              <value>
                <![CDATA[[TestResult name=testSelectSuv status=SUCCESS method=LowCabFareTests.testSelectSuv()[pri:12, instance:tests.LowCabFareTests@1dac5ef] output={null}]]]>
              </value>
            </param>
          </params>
          <reporter-output>
          </reporter-output>
        </test-method> <!-- takeFailedScreenshots -->
        <test-method is-config="true" signature="setPage(java.lang.reflect.Method)[pri:0, instance:tests.LowCabFareTests@1dac5ef]" started-at="2023-07-10T11:56:05 IST" name="setPage" finished-at="2023-07-10T11:56:05 IST" duration-ms="1" status="PASS">
          <params>
            <param index="0">
              <value>
                <![CDATA[public void tests.LowCabFareTests.testClickLowestFare()]]>
              </value>
            </param>
          </params>
          <reporter-output>
          </reporter-output>
        </test-method> <!-- setPage -->
        <test-method signature="testClickLowestFare()[pri:13, instance:tests.LowCabFareTests@1dac5ef]" started-at="2023-07-10T11:56:05 IST" name="testClickLowestFare" finished-at="2023-07-10T11:56:06 IST" depends-on-methods="tests.LowCabFareTests.testSelectSuv" duration-ms="195" status="PASS">
          <reporter-output>
          </reporter-output>
        </test-method> <!-- testClickLowestFare -->
        <test-method is-config="true" signature="takeFailedScreenshots(org.testng.ITestResult)[pri:0, instance:tests.LowCabFareTests@1dac5ef]" started-at="2023-07-10T11:56:06 IST" name="takeFailedScreenshots" finished-at="2023-07-10T11:56:06 IST" duration-ms="360" status="PASS">
          <params>
            <param index="0">
              <value>
                <![CDATA[[TestResult name=testClickLowestFare status=SUCCESS method=LowCabFareTests.testClickLowestFare()[pri:13, instance:tests.LowCabFareTests@1dac5ef] output={null}]]]>
              </value>
            </param>
          </params>
          <reporter-output>
          </reporter-output>
        </test-method> <!-- takeFailedScreenshots -->
        <test-method is-config="true" signature="setPage(java.lang.reflect.Method)[pri:0, instance:tests.LowCabFareTests@1dac5ef]" started-at="2023-07-10T11:56:06 IST" name="setPage" finished-at="2023-07-10T11:56:06 IST" duration-ms="1" status="PASS">
          <params>
            <param index="0">
              <value>
                <![CDATA[public void tests.LowCabFareTests.testGetPrice() throws java.lang.Exception]]>
              </value>
            </param>
          </params>
          <reporter-output>
          </reporter-output>
        </test-method> <!-- setPage -->
        <test-method signature="testGetPrice()[pri:14, instance:tests.LowCabFareTests@1dac5ef]" started-at="2023-07-10T11:56:06 IST" name="testGetPrice" finished-at="2023-07-10T11:56:06 IST" depends-on-methods="tests.LowCabFareTests.testClickLowestFare" duration-ms="293" status="PASS">
          <reporter-output>
          </reporter-output>
        </test-method> <!-- testGetPrice -->
        <test-method is-config="true" signature="takeFailedScreenshots(org.testng.ITestResult)[pri:0, instance:tests.LowCabFareTests@1dac5ef]" started-at="2023-07-10T11:56:06 IST" name="takeFailedScreenshots" finished-at="2023-07-10T11:56:07 IST" duration-ms="300" status="PASS">
          <params>
            <param index="0">
              <value>
                <![CDATA[[TestResult name=testGetPrice status=SUCCESS method=LowCabFareTests.testGetPrice()[pri:14, instance:tests.LowCabFareTests@1dac5ef] output={null}]]]>
              </value>
            </param>
          </params>
          <reporter-output>
          </reporter-output>
        </test-method> <!-- takeFailedScreenshots -->
        <test-method is-config="true" signature="tearDown()[pri:0, instance:tests.LowCabFareTests@1dac5ef]" started-at="2023-07-10T11:56:07 IST" name="tearDown" finished-at="2023-07-10T11:56:07 IST" duration-ms="591" status="PASS">
          <reporter-output>
          </reporter-output>
        </test-method> <!-- tearDown -->
        <test-method is-config="true" signature="closeExtentReport()[pri:0, instance:tests.LowCabFareTests@1dac5ef]" started-at="2023-07-10T11:56:51 IST" name="closeExtentReport" finished-at="2023-07-10T11:56:52 IST" duration-ms="128" status="PASS">
          <reporter-output>
          </reporter-output>
        </test-method> <!-- closeExtentReport -->
      </class> <!-- tests.LowCabFareTests -->
      <class name="tests.BookHotelTests">
        <test-method is-config="true" signature="initDriver(java.lang.String)[pri:0, instance:tests.BookHotelTests@58ea606c]" started-at="2023-07-10T11:56:27 IST" name="initDriver" finished-at="2023-07-10T11:56:29 IST" duration-ms="1804" status="PASS">
          <params>
            <param index="0">
              <value>
                <![CDATA[edge]]>
              </value>
            </param>
          </params>
          <reporter-output>
          </reporter-output>
        </test-method> <!-- initDriver -->
        <test-method is-config="true" signature="initExtentReport(org.testng.ITestContext)[pri:0, instance:tests.BookHotelTests@58ea606c]" started-at="2023-07-10T11:56:29 IST" name="initExtentReport" finished-at="2023-07-10T11:56:29 IST" duration-ms="1" status="PASS">
          <params>
            <param index="0">
              <value>
                <![CDATA[org.testng.TestRunner@218df7d6]]>
              </value>
            </param>
          </params>
          <reporter-output>
          </reporter-output>
        </test-method> <!-- initExtentReport -->
        <test-method is-config="true" signature="setPage(java.lang.reflect.Method)[pri:0, instance:tests.BookHotelTests@58ea606c]" started-at="2023-07-10T11:56:29 IST" name="setPage" finished-at="2023-07-10T11:56:29 IST" duration-ms="0" status="PASS">
          <params>
            <param index="0">
              <value>
                <![CDATA[public void tests.BookHotelTests.testVisitMakeMyTrip() throws java.lang.InterruptedException]]>
              </value>
            </param>
          </params>
          <reporter-output>
          </reporter-output>
        </test-method> <!-- setPage -->
        <test-method signature="testVisitMakeMyTrip()[pri:1, instance:tests.BookHotelTests@58ea606c]" started-at="2023-07-10T11:56:29 IST" name="testVisitMakeMyTrip" finished-at="2023-07-10T11:56:41 IST" duration-ms="11876" status="PASS">
          <reporter-output>
          </reporter-output>
        </test-method> <!-- testVisitMakeMyTrip -->
        <test-method is-config="true" signature="takeFailedScreenshots(org.testng.ITestResult)[pri:0, instance:tests.BookHotelTests@58ea606c]" started-at="2023-07-10T11:56:41 IST" name="takeFailedScreenshots" finished-at="2023-07-10T11:56:42 IST" duration-ms="745" status="PASS">
          <params>
            <param index="0">
              <value>
                <![CDATA[[TestResult name=testVisitMakeMyTrip status=SUCCESS method=BookHotelTests.testVisitMakeMyTrip()[pri:1, instance:tests.BookHotelTests@58ea606c] output={null}]]]>
              </value>
            </param>
          </params>
          <reporter-output>
          </reporter-output>
        </test-method> <!-- takeFailedScreenshots -->
        <test-method is-config="true" signature="setPage(java.lang.reflect.Method)[pri:0, instance:tests.BookHotelTests@58ea606c]" started-at="2023-07-10T11:56:42 IST" name="setPage" finished-at="2023-07-10T11:56:42 IST" duration-ms="1" status="PASS">
          <params>
            <param index="0">
              <value>
                <![CDATA[public void tests.BookHotelTests.testHandleModal() throws java.lang.InterruptedException]]>
              </value>
            </param>
          </params>
          <reporter-output>
          </reporter-output>
        </test-method> <!-- setPage -->
        <test-method signature="testHandleModal()[pri:2, instance:tests.BookHotelTests@58ea606c]" started-at="2023-07-10T11:56:42 IST" name="testHandleModal" finished-at="2023-07-10T11:56:43 IST" depends-on-methods="tests.BookHotelTests.testVisitMakeMyTrip" duration-ms="1295" status="PASS">
          <reporter-output>
          </reporter-output>
        </test-method> <!-- testHandleModal -->
        <test-method is-config="true" signature="takeFailedScreenshots(org.testng.ITestResult)[pri:0, instance:tests.BookHotelTests@58ea606c]" started-at="2023-07-10T11:56:43 IST" name="takeFailedScreenshots" finished-at="2023-07-10T11:56:44 IST" duration-ms="828" status="PASS">
          <params>
            <param index="0">
              <value>
                <![CDATA[[TestResult name=testHandleModal status=SUCCESS method=BookHotelTests.testHandleModal()[pri:2, instance:tests.BookHotelTests@58ea606c] output={null}]]]>
              </value>
            </param>
          </params>
          <reporter-output>
          </reporter-output>
        </test-method> <!-- takeFailedScreenshots -->
        <test-method is-config="true" signature="setPage(java.lang.reflect.Method)[pri:0, instance:tests.BookHotelTests@58ea606c]" started-at="2023-07-10T11:56:44 IST" name="setPage" finished-at="2023-07-10T11:56:44 IST" duration-ms="1" status="PASS">
          <params>
            <param index="0">
              <value>
                <![CDATA[public void tests.BookHotelTests.testClickHotelBtn()]]>
              </value>
            </param>
          </params>
          <reporter-output>
          </reporter-output>
        </test-method> <!-- setPage -->
        <test-method signature="testClickHotelBtn()[pri:3, instance:tests.BookHotelTests@58ea606c]" started-at="2023-07-10T11:56:44 IST" name="testClickHotelBtn" finished-at="2023-07-10T11:56:44 IST" depends-on-methods="tests.BookHotelTests.testHandleModal" duration-ms="512" status="PASS">
          <reporter-output>
          </reporter-output>
        </test-method> <!-- testClickHotelBtn -->
        <test-method is-config="true" signature="takeFailedScreenshots(org.testng.ITestResult)[pri:0, instance:tests.BookHotelTests@58ea606c]" started-at="2023-07-10T11:56:44 IST" name="takeFailedScreenshots" finished-at="2023-07-10T11:56:45 IST" duration-ms="483" status="PASS">
          <params>
            <param index="0">
              <value>
                <![CDATA[[TestResult name=testClickHotelBtn status=SUCCESS method=BookHotelTests.testClickHotelBtn()[pri:3, instance:tests.BookHotelTests@58ea606c] output={null}]]]>
              </value>
            </param>
          </params>
          <reporter-output>
          </reporter-output>
        </test-method> <!-- takeFailedScreenshots -->
        <test-method is-config="true" signature="setPage(java.lang.reflect.Method)[pri:0, instance:tests.BookHotelTests@58ea606c]" started-at="2023-07-10T11:56:45 IST" name="setPage" finished-at="2023-07-10T11:56:45 IST" duration-ms="1" status="PASS">
          <params>
            <param index="0">
              <value>
                <![CDATA[public void tests.BookHotelTests.testRoomsNGuest()]]>
              </value>
            </param>
          </params>
          <reporter-output>
          </reporter-output>
        </test-method> <!-- setPage -->
        <test-method signature="testRoomsNGuest()[pri:4, instance:tests.BookHotelTests@58ea606c]" started-at="2023-07-10T11:56:45 IST" name="testRoomsNGuest" finished-at="2023-07-10T11:56:45 IST" depends-on-methods="tests.BookHotelTests.testClickHotelBtn" duration-ms="378" status="PASS">
          <reporter-output>
          </reporter-output>
        </test-method> <!-- testRoomsNGuest -->
        <test-method is-config="true" signature="takeFailedScreenshots(org.testng.ITestResult)[pri:0, instance:tests.BookHotelTests@58ea606c]" started-at="2023-07-10T11:56:45 IST" name="takeFailedScreenshots" finished-at="2023-07-10T11:56:46 IST" duration-ms="735" status="PASS">
          <params>
            <param index="0">
              <value>
                <![CDATA[[TestResult name=testRoomsNGuest status=SUCCESS method=BookHotelTests.testRoomsNGuest()[pri:4, instance:tests.BookHotelTests@58ea606c] output={null}]]]>
              </value>
            </param>
          </params>
          <reporter-output>
          </reporter-output>
        </test-method> <!-- takeFailedScreenshots -->
        <test-method is-config="true" signature="setPage(java.lang.reflect.Method)[pri:0, instance:tests.BookHotelTests@58ea606c]" started-at="2023-07-10T11:56:46 IST" name="setPage" finished-at="2023-07-10T11:56:46 IST" duration-ms="1" status="PASS">
          <params>
            <param index="0">
              <value>
                <![CDATA[public void tests.BookHotelTests.testAdultsNo()]]>
              </value>
            </param>
          </params>
          <reporter-output>
          </reporter-output>
        </test-method> <!-- setPage -->
        <test-method signature="testAdultsNo()[pri:5, instance:tests.BookHotelTests@58ea606c]" started-at="2023-07-10T11:56:46 IST" name="testAdultsNo" finished-at="2023-07-10T11:56:46 IST" depends-on-methods="tests.BookHotelTests.testRoomsNGuest" duration-ms="177" status="PASS">
          <reporter-output>
          </reporter-output>
        </test-method> <!-- testAdultsNo -->
        <test-method is-config="true" signature="takeFailedScreenshots(org.testng.ITestResult)[pri:0, instance:tests.BookHotelTests@58ea606c]" started-at="2023-07-10T11:56:46 IST" name="takeFailedScreenshots" finished-at="2023-07-10T11:56:47 IST" duration-ms="569" status="PASS">
          <params>
            <param index="0">
              <value>
                <![CDATA[[TestResult name=testAdultsNo status=SUCCESS method=BookHotelTests.testAdultsNo()[pri:5, instance:tests.BookHotelTests@58ea606c] output={null}]]]>
              </value>
            </param>
          </params>
          <reporter-output>
          </reporter-output>
        </test-method> <!-- takeFailedScreenshots -->
        <test-method is-config="true" signature="setPage(java.lang.reflect.Method)[pri:0, instance:tests.BookHotelTests@58ea606c]" started-at="2023-07-10T11:56:47 IST" name="setPage" finished-at="2023-07-10T11:56:47 IST" duration-ms="1" status="PASS">
          <params>
            <param index="0">
              <value>
                <![CDATA[public void tests.BookHotelTests.testListAdult() throws java.lang.Exception]]>
              </value>
            </param>
          </params>
          <reporter-output>
          </reporter-output>
        </test-method> <!-- setPage -->
        <test-method signature="testListAdult()[pri:6, instance:tests.BookHotelTests@58ea606c]" started-at="2023-07-10T11:56:47 IST" name="testListAdult" finished-at="2023-07-10T11:56:48 IST" depends-on-methods="tests.BookHotelTests.testAdultsNo" duration-ms="964" status="PASS">
          <reporter-output>
          </reporter-output>
        </test-method> <!-- testListAdult -->
        <test-method is-config="true" signature="takeFailedScreenshots(org.testng.ITestResult)[pri:0, instance:tests.BookHotelTests@58ea606c]" started-at="2023-07-10T11:56:48 IST" name="takeFailedScreenshots" finished-at="2023-07-10T11:56:48 IST" duration-ms="588" status="PASS">
          <params>
            <param index="0">
              <value>
                <![CDATA[[TestResult name=testListAdult status=SUCCESS method=BookHotelTests.testListAdult()[pri:6, instance:tests.BookHotelTests@58ea606c] output={null}]]]>
              </value>
            </param>
          </params>
          <reporter-output>
          </reporter-output>
        </test-method> <!-- takeFailedScreenshots -->
        <test-method is-config="true" signature="setPage(java.lang.reflect.Method)[pri:0, instance:tests.BookHotelTests@58ea606c]" started-at="2023-07-10T11:56:48 IST" name="setPage" finished-at="2023-07-10T11:56:48 IST" duration-ms="1" status="PASS">
          <params>
            <param index="0">
              <value>
                <![CDATA[public void tests.BookHotelTests.testNavigateBack() throws java.lang.InterruptedException]]>
              </value>
            </param>
          </params>
          <reporter-output>
          </reporter-output>
        </test-method> <!-- setPage -->
        <test-method signature="testNavigateBack()[pri:7, instance:tests.BookHotelTests@58ea606c]" started-at="2023-07-10T11:56:48 IST" name="testNavigateBack" finished-at="2023-07-10T11:56:51 IST" depends-on-methods="tests.BookHotelTests.testListAdult" duration-ms="2288" status="PASS">
          <reporter-output>
          </reporter-output>
        </test-method> <!-- testNavigateBack -->
        <test-method is-config="true" signature="takeFailedScreenshots(org.testng.ITestResult)[pri:0, instance:tests.BookHotelTests@58ea606c]" started-at="2023-07-10T11:56:51 IST" name="takeFailedScreenshots" finished-at="2023-07-10T11:56:51 IST" duration-ms="383" status="PASS">
          <params>
            <param index="0">
              <value>
                <![CDATA[[TestResult name=testNavigateBack status=SUCCESS method=BookHotelTests.testNavigateBack()[pri:7, instance:tests.BookHotelTests@58ea606c] output={null}]]]>
              </value>
            </param>
          </params>
          <reporter-output>
          </reporter-output>
        </test-method> <!-- takeFailedScreenshots -->
        <test-method is-config="true" signature="tearDown()[pri:0, instance:tests.BookHotelTests@58ea606c]" started-at="2023-07-10T11:56:51 IST" name="tearDown" finished-at="2023-07-10T11:56:51 IST" duration-ms="470" status="PASS">
          <reporter-output>
          </reporter-output>
        </test-method> <!-- tearDown -->
      </class> <!-- tests.BookHotelTests -->
    </test> <!-- Test: Edge -->
  </suite> <!-- MakeMyTrip Edge Suite -->
</testng-results>
